{"stats":{"suites":2,"tests":4,"passes":4,"pending":0,"failures":0,"start":"2018-06-03T21:09:48.838Z","end":"2018-06-03T21:10:13.290Z","duration":24452,"testsRegistered":4,"passPercent":100,"pendingPercent":0,"other":0,"hasOther":false,"skipped":0,"hasSkipped":false,"passPercentClass":"success","pendingPercentClass":"danger"},"suites":{"title":"","suites":[{"title":"test create event (chrome)","suites":[],"tests":[{"title":"should be able to see help overlay","fullTitle":"should be able to see help overlay","timedOut":false,"duration":5443,"speed":"fast","pass":true,"fail":false,"pending":false,"code":"","isRoot":false,"uuid":"73c136a7-cbd4-4899-ad11-86c13c896661","parentUUID":"c3a917d3-fcd7-4221-9278-9a3b17b17f45","skipped":false,"isHook":false,"context":"[{\"title\":\"Session Id\",\"value\":\"ba8f4908677d653b29d54ae14be92591\"},{\"title\":\"Screenshot: create-event-1.png\",\"value\":\"snapshot/create-event-1.png\"}]","state":"passed","err":{}},{"title":"should be able to create event","fullTitle":"should be able to create event","timedOut":false,"duration":507,"speed":"fast","pass":true,"fail":false,"pending":false,"code":"","isRoot":false,"uuid":"efa74b86-a764-4972-81b5-bb37d2f23548","parentUUID":"c3a917d3-fcd7-4221-9278-9a3b17b17f45","skipped":false,"isHook":false,"context":"[{\"title\":\"Session Id\",\"value\":\"ba8f4908677d653b29d54ae14be92591\"},{\"title\":\"Screenshot: create-event-2.png\",\"value\":\"snapshot/create-event-2.png\"}]","state":"passed","err":{}}],"pending":[],"root":false,"fullFile":"","file":"","passes":[{"title":"should be able to see help overlay","fullTitle":"should be able to see help overlay","timedOut":false,"duration":5443,"speed":"fast","pass":true,"fail":false,"pending":false,"code":"","isRoot":false,"uuid":"73c136a7-cbd4-4899-ad11-86c13c896661","parentUUID":"c3a917d3-fcd7-4221-9278-9a3b17b17f45","skipped":false,"isHook":false,"context":"[{\"title\":\"Session Id\",\"value\":\"ba8f4908677d653b29d54ae14be92591\"},{\"title\":\"Screenshot: create-event-1.png\",\"value\":\"snapshot/create-event-1.png\"}]","state":"passed","err":{}},{"title":"should be able to create event","fullTitle":"should be able to create event","timedOut":false,"duration":507,"speed":"fast","pass":true,"fail":false,"pending":false,"code":"","isRoot":false,"uuid":"efa74b86-a764-4972-81b5-bb37d2f23548","parentUUID":"c3a917d3-fcd7-4221-9278-9a3b17b17f45","skipped":false,"isHook":false,"context":"[{\"title\":\"Session Id\",\"value\":\"ba8f4908677d653b29d54ae14be92591\"},{\"title\":\"Screenshot: create-event-2.png\",\"value\":\"snapshot/create-event-2.png\"}]","state":"passed","err":{}}],"failures":[],"skipped":[],"hasTests":true,"hasSuites":false,"totalTests":2,"totalPasses":2,"totalFailures":0,"totalPending":0,"totalSkipped":0,"hasPasses":true,"hasFailures":false,"hasPending":false,"hasSkipped":false,"duration":5953,"_timeout":0,"uuid":"c3a917d3-fcd7-4221-9278-9a3b17b17f45","hasBeforeHooks":false,"beforeHooks":[],"hasAfterHooks":false,"afterHooks":[]},{"title":"test homepage (chrome)","suites":[],"tests":[{"title":"should have the right title","fullTitle":"should have the right title","timedOut":false,"duration":13248,"speed":"fast","pass":true,"fail":false,"pending":false,"code":"","isRoot":false,"uuid":"5c693a32-05a5-485d-b85a-b7fc10759a09","parentUUID":"23a8f47a-ba85-4134-8350-ddb673ecb54f","skipped":false,"isHook":false,"context":"[{\"title\":\"Session Id\",\"value\":\"eaf8688aedf73ccec1f7d7fd6cd8f3e2\"}]","state":"passed","err":{}},{"title":"should have button buat eventmu sekarang","fullTitle":"should have button buat eventmu sekarang","timedOut":false,"duration":1166,"speed":"fast","pass":true,"fail":false,"pending":false,"code":"","isRoot":false,"uuid":"18b4bf26-88cb-474e-9b25-36767b717566","parentUUID":"23a8f47a-ba85-4134-8350-ddb673ecb54f","skipped":false,"isHook":false,"context":"[{\"title\":\"Session Id\",\"value\":\"eaf8688aedf73ccec1f7d7fd6cd8f3e2\"},{\"title\":\"Screenshot: homepage.png\",\"value\":\"snapshot/homepage.png\"}]","state":"passed","err":{}}],"pending":[],"root":false,"fullFile":"","file":"","passes":[{"title":"should have the right title","fullTitle":"should have the right title","timedOut":false,"duration":13248,"speed":"fast","pass":true,"fail":false,"pending":false,"code":"","isRoot":false,"uuid":"5c693a32-05a5-485d-b85a-b7fc10759a09","parentUUID":"23a8f47a-ba85-4134-8350-ddb673ecb54f","skipped":false,"isHook":false,"context":"[{\"title\":\"Session Id\",\"value\":\"eaf8688aedf73ccec1f7d7fd6cd8f3e2\"}]","state":"passed","err":{}},{"title":"should have button buat eventmu sekarang","fullTitle":"should have button buat eventmu sekarang","timedOut":false,"duration":1166,"speed":"fast","pass":true,"fail":false,"pending":false,"code":"","isRoot":false,"uuid":"18b4bf26-88cb-474e-9b25-36767b717566","parentUUID":"23a8f47a-ba85-4134-8350-ddb673ecb54f","skipped":false,"isHook":false,"context":"[{\"title\":\"Session Id\",\"value\":\"eaf8688aedf73ccec1f7d7fd6cd8f3e2\"},{\"title\":\"Screenshot: homepage.png\",\"value\":\"snapshot/homepage.png\"}]","state":"passed","err":{}}],"failures":[],"skipped":[],"hasTests":true,"hasSuites":false,"totalTests":2,"totalPasses":2,"totalFailures":0,"totalPending":0,"totalSkipped":0,"hasPasses":true,"hasFailures":false,"hasPending":false,"hasSkipped":false,"duration":14415,"_timeout":0,"uuid":"23a8f47a-ba85-4134-8350-ddb673ecb54f","hasBeforeHooks":false,"beforeHooks":[],"hasAfterHooks":false,"afterHooks":[]}],"tests":[],"pending":[],"root":true,"fullFile":"","file":"","passes":[],"failures":[],"skipped":[],"hasTests":false,"hasSuites":true,"totalTests":0,"totalPasses":0,"totalFailures":0,"totalPending":0,"totalSkipped":0,"hasPasses":false,"hasFailures":false,"hasPending":false,"hasSkipped":false,"duration":0,"_timeout":0,"uuid":"1137fd04-f857-4f2e-8eeb-4a50bea76371","hasBeforeHooks":false,"beforeHooks":[],"hasAfterHooks":false,"afterHooks":[]},"allTests":[{"title":"should be able to see help overlay","fullTitle":"should be able to see help overlay","timedOut":false,"duration":5443,"speed":"fast","pass":true,"fail":false,"pending":false,"code":"","isRoot":false,"uuid":"73c136a7-cbd4-4899-ad11-86c13c896661","parentUUID":"c3a917d3-fcd7-4221-9278-9a3b17b17f45","skipped":false,"isHook":false,"context":"[{\"title\":\"Session Id\",\"value\":\"ba8f4908677d653b29d54ae14be92591\"},{\"title\":\"Screenshot: create-event-1.png\",\"value\":\"snapshot/create-event-1.png\"}]","state":"passed","err":{}},{"title":"should be able to create event","fullTitle":"should be able to create event","timedOut":false,"duration":507,"speed":"fast","pass":true,"fail":false,"pending":false,"code":"","isRoot":false,"uuid":"efa74b86-a764-4972-81b5-bb37d2f23548","parentUUID":"c3a917d3-fcd7-4221-9278-9a3b17b17f45","skipped":false,"isHook":false,"context":"[{\"title\":\"Session Id\",\"value\":\"ba8f4908677d653b29d54ae14be92591\"},{\"title\":\"Screenshot: create-event-2.png\",\"value\":\"snapshot/create-event-2.png\"}]","state":"passed","err":{}},{"title":"should have the right title","fullTitle":"should have the right title","timedOut":false,"duration":13248,"speed":"fast","pass":true,"fail":false,"pending":false,"code":"","isRoot":false,"uuid":"5c693a32-05a5-485d-b85a-b7fc10759a09","parentUUID":"23a8f47a-ba85-4134-8350-ddb673ecb54f","skipped":false,"isHook":false,"context":"[{\"title\":\"Session Id\",\"value\":\"eaf8688aedf73ccec1f7d7fd6cd8f3e2\"}]","state":"passed","err":{}},{"title":"should have button buat eventmu sekarang","fullTitle":"should have button buat eventmu sekarang","timedOut":false,"duration":1166,"speed":"fast","pass":true,"fail":false,"pending":false,"code":"","isRoot":false,"uuid":"18b4bf26-88cb-474e-9b25-36767b717566","parentUUID":"23a8f47a-ba85-4134-8350-ddb673ecb54f","skipped":false,"isHook":false,"context":"[{\"title\":\"Session Id\",\"value\":\"eaf8688aedf73ccec1f7d7fd6cd8f3e2\"},{\"title\":\"Screenshot: homepage.png\",\"value\":\"snapshot/homepage.png\"}]","state":"passed","err":{}}],"allPending":[],"allPasses":[{"title":"should be able to see help overlay","fullTitle":"should be able to see help overlay","timedOut":false,"duration":5443,"speed":"fast","pass":true,"fail":false,"pending":false,"code":"","isRoot":false,"uuid":"73c136a7-cbd4-4899-ad11-86c13c896661","parentUUID":"c3a917d3-fcd7-4221-9278-9a3b17b17f45","skipped":false,"isHook":false,"context":"[{\"title\":\"Session Id\",\"value\":\"ba8f4908677d653b29d54ae14be92591\"},{\"title\":\"Screenshot: create-event-1.png\",\"value\":\"snapshot/create-event-1.png\"}]","state":"passed","err":{}},{"title":"should be able to create event","fullTitle":"should be able to create event","timedOut":false,"duration":507,"speed":"fast","pass":true,"fail":false,"pending":false,"code":"","isRoot":false,"uuid":"efa74b86-a764-4972-81b5-bb37d2f23548","parentUUID":"c3a917d3-fcd7-4221-9278-9a3b17b17f45","skipped":false,"isHook":false,"context":"[{\"title\":\"Session Id\",\"value\":\"ba8f4908677d653b29d54ae14be92591\"},{\"title\":\"Screenshot: create-event-2.png\",\"value\":\"snapshot/create-event-2.png\"}]","state":"passed","err":{}},{"title":"should have the right title","fullTitle":"should have the right title","timedOut":false,"duration":13248,"speed":"fast","pass":true,"fail":false,"pending":false,"code":"","isRoot":false,"uuid":"5c693a32-05a5-485d-b85a-b7fc10759a09","parentUUID":"23a8f47a-ba85-4134-8350-ddb673ecb54f","skipped":false,"isHook":false,"context":"[{\"title\":\"Session Id\",\"value\":\"eaf8688aedf73ccec1f7d7fd6cd8f3e2\"}]","state":"passed","err":{}},{"title":"should have button buat eventmu sekarang","fullTitle":"should have button buat eventmu sekarang","timedOut":false,"duration":1166,"speed":"fast","pass":true,"fail":false,"pending":false,"code":"","isRoot":false,"uuid":"18b4bf26-88cb-474e-9b25-36767b717566","parentUUID":"23a8f47a-ba85-4134-8350-ddb673ecb54f","skipped":false,"isHook":false,"context":"[{\"title\":\"Session Id\",\"value\":\"eaf8688aedf73ccec1f7d7fd6cd8f3e2\"},{\"title\":\"Screenshot: homepage.png\",\"value\":\"snapshot/homepage.png\"}]","state":"passed","err":{}}],"allFailures":[],"copyrightYear":2018}