{"stats":{"suites":1,"tests":1,"passes":0,"pending":0,"failures":1,"start":"2018-06-03T18:53:14.916Z","end":"2018-06-03T18:53:50.079Z","duration":35163,"testsRegistered":1,"passPercent":0,"pendingPercent":0,"other":0,"hasOther":false,"skipped":0,"hasSkipped":false,"passPercentClass":"success","pendingPercentClass":"danger"},"suites":{"title":"","suites":[{"title":"Open homepage loket (chrome)","suites":[],"tests":[{"title":"should have the right title","fullTitle":"should have the right title","timedOut":false,"duration":10011,"speed":"fast","pass":false,"fail":true,"pending":false,"code":"","isRoot":false,"uuid":"2eb78946-85e0-4a3b-881f-a51769425b52","parentUUID":"3eee3ebd-9462-498d-ac4f-8a60f829458a","skipped":false,"isHook":false,"context":"[{\"title\":\"Session Id\",\"value\":\"c7d2b60ced17216a45b0ec4171a2ae1c\"}]","state":"failed","err":{"name":"Error","message":"Timeout of 10000ms exceeded. Try to reduce the run time or increase your timeout for test specs (http://webdriver.io/guide/testrunner/timeouts.html); if returning a Promise, ensure it resolves. (/Users/rizkia.m/Documents/github/ideas/aut1/test/specs/simple.js)","estack":"Error: Timeout of 10000ms exceeded. Try to reduce the run time or increase your timeout for test specs (http://webdriver.io/guide/testrunner/timeouts.html); if returning a Promise, ensure it resolves. (/Users/rizkia.m/Documents/github/ideas/aut1/test/specs/simple.js)\n    at Test.Runnable._timeoutError (/Users/rizkia.m/Documents/github/ideas/aut1/node_modules/mocha/lib/runnable.js:440:10)\n    at Timeout.<anonymous> (/Users/rizkia.m/Documents/github/ideas/aut1/node_modules/mocha/lib/runnable.js:251:24)\n    at ontimeout (timers.js:466:11)\n    at tryOnTimeout (timers.js:304:5)\n    at Timer.listOnTimeout (timers.js:267:5)","stack":"Error: Timeout of 10000ms exceeded. Try to reduce the run time or increase your timeout for test specs (http://webdriver.io/guide/testrunner/timeouts.html); if returning a Promise, ensure it resolves. (/Users/rizkia.m/Documents/github/ideas/aut1/test/specs/simple.js)\n    at Test.Runnable._timeoutError (/Users/rizkia.m/Documents/github/ideas/aut1/node_modules/mocha/lib/runnable.js:440:10)\n    at Timeout.<anonymous> (/Users/rizkia.m/Documents/github/ideas/aut1/node_modules/mocha/lib/runnable.js:251:24)\n    at ontimeout (timers.js:466:11)\n    at tryOnTimeout (timers.js:304:5)\n    at Timer.listOnTimeout (timers.js:267:5)"}}],"pending":[],"root":false,"fullFile":"","file":"","passes":[],"failures":[{"title":"should have the right title","fullTitle":"should have the right title","timedOut":false,"duration":10011,"speed":"fast","pass":false,"fail":true,"pending":false,"code":"","isRoot":false,"uuid":"2eb78946-85e0-4a3b-881f-a51769425b52","parentUUID":"3eee3ebd-9462-498d-ac4f-8a60f829458a","skipped":false,"isHook":false,"context":"[{\"title\":\"Session Id\",\"value\":\"c7d2b60ced17216a45b0ec4171a2ae1c\"}]","state":"failed","err":{"name":"Error","message":"Timeout of 10000ms exceeded. Try to reduce the run time or increase your timeout for test specs (http://webdriver.io/guide/testrunner/timeouts.html); if returning a Promise, ensure it resolves. (/Users/rizkia.m/Documents/github/ideas/aut1/test/specs/simple.js)","estack":"Error: Timeout of 10000ms exceeded. Try to reduce the run time or increase your timeout for test specs (http://webdriver.io/guide/testrunner/timeouts.html); if returning a Promise, ensure it resolves. (/Users/rizkia.m/Documents/github/ideas/aut1/test/specs/simple.js)\n    at Test.Runnable._timeoutError (/Users/rizkia.m/Documents/github/ideas/aut1/node_modules/mocha/lib/runnable.js:440:10)\n    at Timeout.<anonymous> (/Users/rizkia.m/Documents/github/ideas/aut1/node_modules/mocha/lib/runnable.js:251:24)\n    at ontimeout (timers.js:466:11)\n    at tryOnTimeout (timers.js:304:5)\n    at Timer.listOnTimeout (timers.js:267:5)","stack":"Error: Timeout of 10000ms exceeded. Try to reduce the run time or increase your timeout for test specs (http://webdriver.io/guide/testrunner/timeouts.html); if returning a Promise, ensure it resolves. (/Users/rizkia.m/Documents/github/ideas/aut1/test/specs/simple.js)\n    at Test.Runnable._timeoutError (/Users/rizkia.m/Documents/github/ideas/aut1/node_modules/mocha/lib/runnable.js:440:10)\n    at Timeout.<anonymous> (/Users/rizkia.m/Documents/github/ideas/aut1/node_modules/mocha/lib/runnable.js:251:24)\n    at ontimeout (timers.js:466:11)\n    at tryOnTimeout (timers.js:304:5)\n    at Timer.listOnTimeout (timers.js:267:5)"}}],"skipped":[],"hasTests":true,"hasSuites":false,"totalTests":1,"totalPasses":0,"totalFailures":1,"totalPending":0,"totalSkipped":0,"hasPasses":false,"hasFailures":true,"hasPending":false,"hasSkipped":false,"duration":10013,"_timeout":0,"uuid":"3eee3ebd-9462-498d-ac4f-8a60f829458a","hasBeforeHooks":false,"beforeHooks":[],"hasAfterHooks":false,"afterHooks":[]}],"tests":[],"pending":[],"root":true,"fullFile":"","file":"","passes":[],"failures":[],"skipped":[],"hasTests":false,"hasSuites":true,"totalTests":0,"totalPasses":0,"totalFailures":0,"totalPending":0,"totalSkipped":0,"hasPasses":false,"hasFailures":false,"hasPending":false,"hasSkipped":false,"duration":0,"_timeout":0,"uuid":"fc8ed28e-21e5-457f-a490-b3c852f983cb","hasBeforeHooks":false,"beforeHooks":[],"hasAfterHooks":false,"afterHooks":[]},"allTests":[{"title":"should have the right title","fullTitle":"should have the right title","timedOut":false,"duration":10011,"speed":"fast","pass":false,"fail":true,"pending":false,"code":"","isRoot":false,"uuid":"2eb78946-85e0-4a3b-881f-a51769425b52","parentUUID":"3eee3ebd-9462-498d-ac4f-8a60f829458a","skipped":false,"isHook":false,"context":"[{\"title\":\"Session Id\",\"value\":\"c7d2b60ced17216a45b0ec4171a2ae1c\"}]","state":"failed","err":{"name":"Error","message":"Timeout of 10000ms exceeded. Try to reduce the run time or increase your timeout for test specs (http://webdriver.io/guide/testrunner/timeouts.html); if returning a Promise, ensure it resolves. (/Users/rizkia.m/Documents/github/ideas/aut1/test/specs/simple.js)","estack":"Error: Timeout of 10000ms exceeded. Try to reduce the run time or increase your timeout for test specs (http://webdriver.io/guide/testrunner/timeouts.html); if returning a Promise, ensure it resolves. (/Users/rizkia.m/Documents/github/ideas/aut1/test/specs/simple.js)\n    at Test.Runnable._timeoutError (/Users/rizkia.m/Documents/github/ideas/aut1/node_modules/mocha/lib/runnable.js:440:10)\n    at Timeout.<anonymous> (/Users/rizkia.m/Documents/github/ideas/aut1/node_modules/mocha/lib/runnable.js:251:24)\n    at ontimeout (timers.js:466:11)\n    at tryOnTimeout (timers.js:304:5)\n    at Timer.listOnTimeout (timers.js:267:5)","stack":"Error: Timeout of 10000ms exceeded. Try to reduce the run time or increase your timeout for test specs (http://webdriver.io/guide/testrunner/timeouts.html); if returning a Promise, ensure it resolves. (/Users/rizkia.m/Documents/github/ideas/aut1/test/specs/simple.js)\n    at Test.Runnable._timeoutError (/Users/rizkia.m/Documents/github/ideas/aut1/node_modules/mocha/lib/runnable.js:440:10)\n    at Timeout.<anonymous> (/Users/rizkia.m/Documents/github/ideas/aut1/node_modules/mocha/lib/runnable.js:251:24)\n    at ontimeout (timers.js:466:11)\n    at tryOnTimeout (timers.js:304:5)\n    at Timer.listOnTimeout (timers.js:267:5)"}}],"allPending":[],"allPasses":[],"allFailures":[{"title":"should have the right title","fullTitle":"should have the right title","timedOut":false,"duration":10011,"speed":"fast","pass":false,"fail":true,"pending":false,"code":"","isRoot":false,"uuid":"2eb78946-85e0-4a3b-881f-a51769425b52","parentUUID":"3eee3ebd-9462-498d-ac4f-8a60f829458a","skipped":false,"isHook":false,"context":"[{\"title\":\"Session Id\",\"value\":\"c7d2b60ced17216a45b0ec4171a2ae1c\"}]","state":"failed","err":{"name":"Error","message":"Timeout of 10000ms exceeded. Try to reduce the run time or increase your timeout for test specs (http://webdriver.io/guide/testrunner/timeouts.html); if returning a Promise, ensure it resolves. (/Users/rizkia.m/Documents/github/ideas/aut1/test/specs/simple.js)","estack":"Error: Timeout of 10000ms exceeded. Try to reduce the run time or increase your timeout for test specs (http://webdriver.io/guide/testrunner/timeouts.html); if returning a Promise, ensure it resolves. (/Users/rizkia.m/Documents/github/ideas/aut1/test/specs/simple.js)\n    at Test.Runnable._timeoutError (/Users/rizkia.m/Documents/github/ideas/aut1/node_modules/mocha/lib/runnable.js:440:10)\n    at Timeout.<anonymous> (/Users/rizkia.m/Documents/github/ideas/aut1/node_modules/mocha/lib/runnable.js:251:24)\n    at ontimeout (timers.js:466:11)\n    at tryOnTimeout (timers.js:304:5)\n    at Timer.listOnTimeout (timers.js:267:5)","stack":"Error: Timeout of 10000ms exceeded. Try to reduce the run time or increase your timeout for test specs (http://webdriver.io/guide/testrunner/timeouts.html); if returning a Promise, ensure it resolves. (/Users/rizkia.m/Documents/github/ideas/aut1/test/specs/simple.js)\n    at Test.Runnable._timeoutError (/Users/rizkia.m/Documents/github/ideas/aut1/node_modules/mocha/lib/runnable.js:440:10)\n    at Timeout.<anonymous> (/Users/rizkia.m/Documents/github/ideas/aut1/node_modules/mocha/lib/runnable.js:251:24)\n    at ontimeout (timers.js:466:11)\n    at tryOnTimeout (timers.js:304:5)\n    at Timer.listOnTimeout (timers.js:267:5)"}}],"copyrightYear":2018}