<?xml version="1.0" encoding="UTF-8"?>
<testsuites>
  <testsuite name="test_create_event" timestamp="2018-06-05T20:27:14" time="28.227" tests="3" failures="0" errors="0" skipped="0">
    <properties>
      <property name="specId" value="ec661b8a293db6bf1d49dbdfcb0d05a7"/>
      <property name="suiteName" value="test create event"/>
      <property name="capabilities" value="chrome"/>
      <property name="file" value="./test/specs/create-event.js"/>
    </properties>
    <testcase classname="chrome.test_create_event" name="should_be_able_to_see_help_overlay" time="5.067">
      <system-out>
        <![CDATA[
COMMAND: POST http://127.0.0.1:9515/session/ad7b2299bc74ce8d6400c721030477b7/url - {"url":"http://ss.dev.loket.id/buat-event"}
RESULT: {"sessionId":"ad7b2299bc74ce8d6400c721030477b7","status":0,"value":null}
COMMAND: GET http://127.0.0.1:9515/session/ad7b2299bc74ce8d6400c721030477b7/title - {}
RESULT: {"sessionId":"ad7b2299bc74ce8d6400c721030477b7","status":0,"value":"Create Event - LOKET"}
COMMAND: GET http://127.0.0.1:9515/session/ad7b2299bc74ce8d6400c721030477b7/screenshot - {}
RESULT: null
]]>
      </system-out>
    </testcase>
    <testcase classname="chrome.test_create_event" name="should_be_able_to_close_help_overlay" time="0.537">
      <system-out>
        <![CDATA[
COMMAND: POST http://127.0.0.1:9515/session/ad7b2299bc74ce8d6400c721030477b7/element - {"using":"xpath","value":"//*[@id=\"modal-tour\"]/div/button"}
RESULT: {"sessionId":"ad7b2299bc74ce8d6400c721030477b7","status":0,"value":{"ELEMENT":"0.7910821494459759-1"}}
COMMAND: POST http://127.0.0.1:9515/session/ad7b2299bc74ce8d6400c721030477b7/element/0.7910821494459759-1/click - {}
RESULT: {"sessionId":"ad7b2299bc74ce8d6400c721030477b7","status":0,"value":null}
COMMAND: GET http://127.0.0.1:9515/session/ad7b2299bc74ce8d6400c721030477b7/screenshot - {}
RESULT: null
]]>
      </system-out>
    </testcase>
    <testcase classname="chrome.test_create_event" name="should_be_able_to_create_event" time="22.62">
      <system-out>
        <![CDATA[
COMMAND: POST http://127.0.0.1:9515/session/ad7b2299bc74ce8d6400c721030477b7/file - {"file":"[base64] 37960 bytes"}
RESULT: {"sessionId":"ad7b2299bc74ce8d6400c721030477b7","status":0,"value":"/var/folders/pw/8hq_vnqs3873g69p2tgpn26r0000gq/T/.org.chromium.Chromium.YxqPhv/uploadqJ7Iu0/img.jpg"}
COMMAND: POST http://127.0.0.1:9515/session/ad7b2299bc74ce8d6400c721030477b7/elements - {"using":"xpath","value":"/html/body/div[1]/div/div[3]/div[2]/div[1]/div/div/div/div[1]/div[1]/ul/li/div/div/div/div/div[1]/input"}
RESULT: {"sessionId":"ad7b2299bc74ce8d6400c721030477b7","status":0,"value":[{"ELEMENT":"0.7910821494459759-2"}]}
COMMAND: POST http://127.0.0.1:9515/session/ad7b2299bc74ce8d6400c721030477b7/element/0.7910821494459759-2/value - {"value":["/","v","a","r","/","f","o","l","d","e","(89 more items)"],"text":"/var/folders/pw/8hq_vnqs3873g69p2tgpn26r0000gq/T/.org.chromium.Chromium.YxqPhv/uploadqJ7Iu0/img.jpg"}
RESULT: {"sessionId":"ad7b2299bc74ce8d6400c721030477b7","status":0,"value":null}
COMMAND: POST http://127.0.0.1:9515/session/ad7b2299bc74ce8d6400c721030477b7/elements - {"using":"xpath","value":"//*[@id=\"croppie\"]/div[1]/img"}
RESULT: {"sessionId":"ad7b2299bc74ce8d6400c721030477b7","status":0,"value":[]}
COMMAND: POST http://127.0.0.1:9515/session/ad7b2299bc74ce8d6400c721030477b7/elements - {"using":"xpath","value":"//*[@id=\"croppie\"]/div[1]/img"}
RESULT: {"sessionId":"ad7b2299bc74ce8d6400c721030477b7","status":0,"value":[]}
COMMAND: POST http://127.0.0.1:9515/session/ad7b2299bc74ce8d6400c721030477b7/elements - {"using":"xpath","value":"//*[@id=\"croppie\"]/div[1]/img"}
RESULT: {"sessionId":"ad7b2299bc74ce8d6400c721030477b7","status":0,"value":[]}
COMMAND: POST http://127.0.0.1:9515/session/ad7b2299bc74ce8d6400c721030477b7/elements - {"using":"xpath","value":"//*[@id=\"croppie\"]/div[1]/img"}
RESULT: {"sessionId":"ad7b2299bc74ce8d6400c721030477b7","status":0,"value":[]}
COMMAND: POST http://127.0.0.1:9515/session/ad7b2299bc74ce8d6400c721030477b7/elements - {"using":"xpath","value":"//*[@id=\"croppie\"]/div[1]/img"}
RESULT: {"sessionId":"ad7b2299bc74ce8d6400c721030477b7","status":0,"value":[]}
COMMAND: POST http://127.0.0.1:9515/session/ad7b2299bc74ce8d6400c721030477b7/elements - {"using":"xpath","value":"//*[@id=\"croppie\"]/div[1]/img"}
RESULT: {"sessionId":"ad7b2299bc74ce8d6400c721030477b7","status":0,"value":[]}
COMMAND: POST http://127.0.0.1:9515/session/ad7b2299bc74ce8d6400c721030477b7/elements - {"using":"xpath","value":"//*[@id=\"croppie\"]/div[1]/img"}
RESULT: {"sessionId":"ad7b2299bc74ce8d6400c721030477b7","status":0,"value":[]}
COMMAND: POST http://127.0.0.1:9515/session/ad7b2299bc74ce8d6400c721030477b7/elements - {"using":"xpath","value":"//*[@id=\"croppie\"]/div[1]/img"}
RESULT: {"sessionId":"ad7b2299bc74ce8d6400c721030477b7","status":0,"value":[{"ELEMENT":"0.7910821494459759-3"}]}
COMMAND: GET http://127.0.0.1:9515/session/ad7b2299bc74ce8d6400c721030477b7/element/0.7910821494459759-3/displayed - {}
RESULT: {"sessionId":"ad7b2299bc74ce8d6400c721030477b7","status":0,"value":false}
COMMAND: POST http://127.0.0.1:9515/session/ad7b2299bc74ce8d6400c721030477b7/elements - {"using":"xpath","value":"//*[@id=\"croppie\"]/div[1]/img"}
RESULT: {"sessionId":"ad7b2299bc74ce8d6400c721030477b7","status":0,"value":[{"ELEMENT":"0.7910821494459759-3"}]}
COMMAND: GET http://127.0.0.1:9515/session/ad7b2299bc74ce8d6400c721030477b7/element/0.7910821494459759-3/displayed - {}
RESULT: {"sessionId":"ad7b2299bc74ce8d6400c721030477b7","status":0,"value":false}
COMMAND: POST http://127.0.0.1:9515/session/ad7b2299bc74ce8d6400c721030477b7/elements - {"using":"xpath","value":"//*[@id=\"croppie\"]/div[1]/img"}
RESULT: {"sessionId":"ad7b2299bc74ce8d6400c721030477b7","status":0,"value":[{"ELEMENT":"0.7910821494459759-3"}]}
COMMAND: GET http://127.0.0.1:9515/session/ad7b2299bc74ce8d6400c721030477b7/element/0.7910821494459759-3/displayed - {}
RESULT: {"sessionId":"ad7b2299bc74ce8d6400c721030477b7","status":0,"value":false}
COMMAND: POST http://127.0.0.1:9515/session/ad7b2299bc74ce8d6400c721030477b7/elements - {"using":"xpath","value":"//*[@id=\"croppie\"]/div[1]/img"}
RESULT: {"sessionId":"ad7b2299bc74ce8d6400c721030477b7","status":0,"value":[{"ELEMENT":"0.7910821494459759-3"}]}
COMMAND: GET http://127.0.0.1:9515/session/ad7b2299bc74ce8d6400c721030477b7/element/0.7910821494459759-3/displayed - {}
RESULT: {"sessionId":"ad7b2299bc74ce8d6400c721030477b7","status":0,"value":false}
COMMAND: POST http://127.0.0.1:9515/session/ad7b2299bc74ce8d6400c721030477b7/elements - {"using":"xpath","value":"//*[@id=\"croppie\"]/div[1]/img"}
RESULT: {"sessionId":"ad7b2299bc74ce8d6400c721030477b7","status":0,"value":[{"ELEMENT":"0.7910821494459759-3"}]}
COMMAND: GET http://127.0.0.1:9515/session/ad7b2299bc74ce8d6400c721030477b7/element/0.7910821494459759-3/displayed - {}
RESULT: {"sessionId":"ad7b2299bc74ce8d6400c721030477b7","status":0,"value":false}
COMMAND: POST http://127.0.0.1:9515/session/ad7b2299bc74ce8d6400c721030477b7/elements - {"using":"xpath","value":"//*[@id=\"croppie\"]/div[1]/img"}
RESULT: {"sessionId":"ad7b2299bc74ce8d6400c721030477b7","status":0,"value":[{"ELEMENT":"0.7910821494459759-3"}]}
COMMAND: GET http://127.0.0.1:9515/session/ad7b2299bc74ce8d6400c721030477b7/element/0.7910821494459759-3/displayed - {}
RESULT: {"sessionId":"ad7b2299bc74ce8d6400c721030477b7","status":0,"value":false}
COMMAND: POST http://127.0.0.1:9515/session/ad7b2299bc74ce8d6400c721030477b7/elements - {"using":"xpath","value":"//*[@id=\"croppie\"]/div[1]/img"}
RESULT: {"sessionId":"ad7b2299bc74ce8d6400c721030477b7","status":0,"value":[{"ELEMENT":"0.7910821494459759-3"}]}
COMMAND: GET http://127.0.0.1:9515/session/ad7b2299bc74ce8d6400c721030477b7/element/0.7910821494459759-3/displayed - {}
RESULT: {"sessionId":"ad7b2299bc74ce8d6400c721030477b7","status":0,"value":false}
COMMAND: POST http://127.0.0.1:9515/session/ad7b2299bc74ce8d6400c721030477b7/elements - {"using":"xpath","value":"//*[@id=\"croppie\"]/div[1]/img"}
RESULT: {"sessionId":"ad7b2299bc74ce8d6400c721030477b7","status":0,"value":[{"ELEMENT":"0.7910821494459759-3"}]}
COMMAND: GET http://127.0.0.1:9515/session/ad7b2299bc74ce8d6400c721030477b7/element/0.7910821494459759-3/displayed - {}
RESULT: {"sessionId":"ad7b2299bc74ce8d6400c721030477b7","status":0,"value":false}
COMMAND: POST http://127.0.0.1:9515/session/ad7b2299bc74ce8d6400c721030477b7/elements - {"using":"xpath","value":"//*[@id=\"croppie\"]/div[1]/img"}
RESULT: {"sessionId":"ad7b2299bc74ce8d6400c721030477b7","status":0,"value":[{"ELEMENT":"0.7910821494459759-3"}]}
COMMAND: GET http://127.0.0.1:9515/session/ad7b2299bc74ce8d6400c721030477b7/element/0.7910821494459759-3/displayed - {}
RESULT: {"sessionId":"ad7b2299bc74ce8d6400c721030477b7","status":0,"value":false}
COMMAND: POST http://127.0.0.1:9515/session/ad7b2299bc74ce8d6400c721030477b7/elements - {"using":"xpath","value":"//*[@id=\"croppie\"]/div[1]/img"}
RESULT: {"sessionId":"ad7b2299bc74ce8d6400c721030477b7","status":0,"value":[{"ELEMENT":"0.7910821494459759-3"}]}
COMMAND: GET http://127.0.0.1:9515/session/ad7b2299bc74ce8d6400c721030477b7/element/0.7910821494459759-3/displayed - {}
RESULT: {"sessionId":"ad7b2299bc74ce8d6400c721030477b7","status":0,"value":false}
COMMAND: POST http://127.0.0.1:9515/session/ad7b2299bc74ce8d6400c721030477b7/elements - {"using":"xpath","value":"//*[@id=\"croppie\"]/div[1]/img"}
RESULT: {"sessionId":"ad7b2299bc74ce8d6400c721030477b7","status":0,"value":[{"ELEMENT":"0.7910821494459759-3"}]}
COMMAND: GET http://127.0.0.1:9515/session/ad7b2299bc74ce8d6400c721030477b7/element/0.7910821494459759-3/displayed - {}
RESULT: {"sessionId":"ad7b2299bc74ce8d6400c721030477b7","status":0,"value":false}
COMMAND: POST http://127.0.0.1:9515/session/ad7b2299bc74ce8d6400c721030477b7/elements - {"using":"xpath","value":"//*[@id=\"croppie\"]/div[1]/img"}
RESULT: {"sessionId":"ad7b2299bc74ce8d6400c721030477b7","status":0,"value":[{"ELEMENT":"0.7910821494459759-3"}]}
COMMAND: GET http://127.0.0.1:9515/session/ad7b2299bc74ce8d6400c721030477b7/element/0.7910821494459759-3/displayed - {}
RESULT: {"sessionId":"ad7b2299bc74ce8d6400c721030477b7","status":0,"value":false}
COMMAND: POST http://127.0.0.1:9515/session/ad7b2299bc74ce8d6400c721030477b7/elements - {"using":"xpath","value":"//*[@id=\"croppie\"]/div[1]/img"}
RESULT: {"sessionId":"ad7b2299bc74ce8d6400c721030477b7","status":0,"value":[{"ELEMENT":"0.7910821494459759-3"}]}
COMMAND: GET http://127.0.0.1:9515/session/ad7b2299bc74ce8d6400c721030477b7/element/0.7910821494459759-3/displayed - {}
RESULT: {"sessionId":"ad7b2299bc74ce8d6400c721030477b7","status":0,"value":true}
COMMAND: POST http://127.0.0.1:9515/session/ad7b2299bc74ce8d6400c721030477b7/elements - {"using":"xpath","value":"//*[@id=\"modal-upload-image\"]/div/div[2]/div[4]/div/div[3]/button"}
RESULT: {"sessionId":"ad7b2299bc74ce8d6400c721030477b7","status":0,"value":[{"ELEMENT":"0.7910821494459759-4"}]}
COMMAND: GET http://127.0.0.1:9515/session/ad7b2299bc74ce8d6400c721030477b7/element/0.7910821494459759-4/displayed - {}
RESULT: {"sessionId":"ad7b2299bc74ce8d6400c721030477b7","status":0,"value":true}
COMMAND: POST http://127.0.0.1:9515/session/ad7b2299bc74ce8d6400c721030477b7/element - {"using":"xpath","value":"//*[@id=\"modal-upload-image\"]/div/div[2]/div[4]/div/div[3]/button"}
RESULT: {"sessionId":"ad7b2299bc74ce8d6400c721030477b7","status":0,"value":{"ELEMENT":"0.7910821494459759-4"}}
COMMAND: POST http://127.0.0.1:9515/session/ad7b2299bc74ce8d6400c721030477b7/element/0.7910821494459759-4/click - {}
RESULT: {"sessionId":"ad7b2299bc74ce8d6400c721030477b7","status":0,"value":null}
COMMAND: POST http://127.0.0.1:9515/session/ad7b2299bc74ce8d6400c721030477b7/elements - {"using":"xpath","value":"/html/body/div[1]/div/div[3]/div[2]/div[1]/div/div/div/div[1]/div/ul/li/div/div[2]/button[1]/span"}
RESULT: {"sessionId":"ad7b2299bc74ce8d6400c721030477b7","status":0,"value":[]}
COMMAND: POST http://127.0.0.1:9515/session/ad7b2299bc74ce8d6400c721030477b7/elements - {"using":"xpath","value":"/html/body/div[1]/div/div[3]/div[2]/div[1]/div/div/div/div[1]/div/ul/li/div/div[2]/button[1]/span"}
RESULT: {"sessionId":"ad7b2299bc74ce8d6400c721030477b7","status":0,"value":[]}
COMMAND: POST http://127.0.0.1:9515/session/ad7b2299bc74ce8d6400c721030477b7/elements - {"using":"xpath","value":"/html/body/div[1]/div/div[3]/div[2]/div[1]/div/div/div/div[1]/div/ul/li/div/div[2]/button[1]/span"}
RESULT: {"sessionId":"ad7b2299bc74ce8d6400c721030477b7","status":0,"value":[]}
COMMAND: POST http://127.0.0.1:9515/session/ad7b2299bc74ce8d6400c721030477b7/elements - {"using":"xpath","value":"/html/body/div[1]/div/div[3]/div[2]/div[1]/div/div/div/div[1]/div/ul/li/div/div[2]/button[1]/span"}
RESULT: {"sessionId":"ad7b2299bc74ce8d6400c721030477b7","status":0,"value":[]}
COMMAND: POST http://127.0.0.1:9515/session/ad7b2299bc74ce8d6400c721030477b7/elements - {"using":"xpath","value":"/html/body/div[1]/div/div[3]/div[2]/div[1]/div/div/div/div[1]/div/ul/li/div/div[2]/button[1]/span"}
RESULT: {"sessionId":"ad7b2299bc74ce8d6400c721030477b7","status":0,"value":[]}
COMMAND: POST http://127.0.0.1:9515/session/ad7b2299bc74ce8d6400c721030477b7/elements - {"using":"xpath","value":"/html/body/div[1]/div/div[3]/div[2]/div[1]/div/div/div/div[1]/div/ul/li/div/div[2]/button[1]/span"}
RESULT: {"sessionId":"ad7b2299bc74ce8d6400c721030477b7","status":0,"value":[]}
COMMAND: POST http://127.0.0.1:9515/session/ad7b2299bc74ce8d6400c721030477b7/elements - {"using":"xpath","value":"/html/body/div[1]/div/div[3]/div[2]/div[1]/div/div/div/div[1]/div/ul/li/div/div[2]/button[1]/span"}
RESULT: {"sessionId":"ad7b2299bc74ce8d6400c721030477b7","status":0,"value":[]}
COMMAND: POST http://127.0.0.1:9515/session/ad7b2299bc74ce8d6400c721030477b7/elements - {"using":"xpath","value":"/html/body/div[1]/div/div[3]/div[2]/div[1]/div/div/div/div[1]/div/ul/li/div/div[2]/button[1]/span"}
RESULT: {"sessionId":"ad7b2299bc74ce8d6400c721030477b7","status":0,"value":[]}
COMMAND: POST http://127.0.0.1:9515/session/ad7b2299bc74ce8d6400c721030477b7/elements - {"using":"xpath","value":"/html/body/div[1]/div/div[3]/div[2]/div[1]/div/div/div/div[1]/div/ul/li/div/div[2]/button[1]/span"}
RESULT: {"sessionId":"ad7b2299bc74ce8d6400c721030477b7","status":0,"value":[{"ELEMENT":"0.7910821494459759-5"}]}
COMMAND: POST http://127.0.0.1:9515/session/ad7b2299bc74ce8d6400c721030477b7/execute - {"script":"return (function scroll(x, y) {\n    return window.scrollTo(x, y);\n}).apply(null, arguments)","args":[0,500]}
RESULT: {"sessionId":"ad7b2299bc74ce8d6400c721030477b7","status":0,"value":null}
COMMAND: POST http://127.0.0.1:9515/session/ad7b2299bc74ce8d6400c721030477b7/elements - {"using":"id","value":"create-event-name"}
RESULT: {"sessionId":"ad7b2299bc74ce8d6400c721030477b7","status":0,"value":[{"ELEMENT":"0.7910821494459759-6"}]}
COMMAND: POST http://127.0.0.1:9515/session/ad7b2299bc74ce8d6400c721030477b7/element/0.7910821494459759-6/clear - {}
RESULT: {"sessionId":"ad7b2299bc74ce8d6400c721030477b7","status":0,"value":null}
COMMAND: POST http://127.0.0.1:9515/session/ad7b2299bc74ce8d6400c721030477b7/element/0.7910821494459759-6/value - {"value":["L","e","b","a","r","a","n"," ","S","e","(11 more items)"],"text":"Lebaran Sebentar Lagi"}
RESULT: {"sessionId":"ad7b2299bc74ce8d6400c721030477b7","status":0,"value":null}
COMMAND: POST http://127.0.0.1:9515/session/ad7b2299bc74ce8d6400c721030477b7/element - {"using":"xpath","value":"/html/body/div[1]/div/div[3]/div[2]/div[1]/div/div/div/div[2]/div/div[2]/div/div"}
RESULT: {"sessionId":"ad7b2299bc74ce8d6400c721030477b7","status":0,"value":{"ELEMENT":"0.7910821494459759-7"}}
COMMAND: POST http://127.0.0.1:9515/session/ad7b2299bc74ce8d6400c721030477b7/element/0.7910821494459759-7/click - {}
RESULT: {"sessionId":"ad7b2299bc74ce8d6400c721030477b7","status":0,"value":null}
COMMAND: POST http://127.0.0.1:9515/session/ad7b2299bc74ce8d6400c721030477b7/element - {"using":"xpath","value":"//*[@id=\"modal-category\"]/div/div/div[1]/div/div[1]/div/button[1]"}
RESULT: {"sessionId":"ad7b2299bc74ce8d6400c721030477b7","status":0,"value":{"ELEMENT":"0.7910821494459759-8"}}
COMMAND: POST http://127.0.0.1:9515/session/ad7b2299bc74ce8d6400c721030477b7/element/0.7910821494459759-8/click - {}
RESULT: {"sessionId":"ad7b2299bc74ce8d6400c721030477b7","status":0,"value":null}
COMMAND: POST http://127.0.0.1:9515/session/ad7b2299bc74ce8d6400c721030477b7/element - {"using":"xpath","value":"//*[@id=\"modal-category\"]/div/div/div[1]/div/div[1]/div/button[2]"}
RESULT: {"sessionId":"ad7b2299bc74ce8d6400c721030477b7","status":0,"value":{"ELEMENT":"0.7910821494459759-9"}}
COMMAND: POST http://127.0.0.1:9515/session/ad7b2299bc74ce8d6400c721030477b7/element/0.7910821494459759-9/click - {}
RESULT: {"sessionId":"ad7b2299bc74ce8d6400c721030477b7","status":0,"value":null}
COMMAND: POST http://127.0.0.1:9515/session/ad7b2299bc74ce8d6400c721030477b7/element - {"using":"xpath","value":"//*[@id=\"modal-category\"]/div/div/div[1]/div/div[1]/div/button[16]"}
RESULT: {"sessionId":"ad7b2299bc74ce8d6400c721030477b7","status":0,"value":{"ELEMENT":"0.7910821494459759-10"}}
COMMAND: POST http://127.0.0.1:9515/session/ad7b2299bc74ce8d6400c721030477b7/element/0.7910821494459759-10/click - {}
RESULT: {"sessionId":"ad7b2299bc74ce8d6400c721030477b7","status":0,"value":null}
COMMAND: POST http://127.0.0.1:9515/session/ad7b2299bc74ce8d6400c721030477b7/element - {"using":"xpath","value":"//*[@id=\"save-category\"]"}
RESULT: {"sessionId":"ad7b2299bc74ce8d6400c721030477b7","status":0,"value":{"ELEMENT":"0.7910821494459759-11"}}
COMMAND: POST http://127.0.0.1:9515/session/ad7b2299bc74ce8d6400c721030477b7/element/0.7910821494459759-11/click - {}
RESULT: {"sessionId":"ad7b2299bc74ce8d6400c721030477b7","status":0,"value":null}
COMMAND: POST http://127.0.0.1:9515/session/ad7b2299bc74ce8d6400c721030477b7/file - {"file":"[base64] 82064 bytes"}
RESULT: {"sessionId":"ad7b2299bc74ce8d6400c721030477b7","status":0,"value":"/var/folders/pw/8hq_vnqs3873g69p2tgpn26r0000gq/T/.org.chromium.Chromium.YxqPhv/uploadQ2S0Rq/img2.png"}
COMMAND: POST http://127.0.0.1:9515/session/ad7b2299bc74ce8d6400c721030477b7/elements - {"using":"xpath","value":"//*[@id=\"fileItem\"]"}
RESULT: {"sessionId":"ad7b2299bc74ce8d6400c721030477b7","status":0,"value":[{"ELEMENT":"0.7910821494459759-12"}]}
COMMAND: POST http://127.0.0.1:9515/session/ad7b2299bc74ce8d6400c721030477b7/element/0.7910821494459759-12/value - {"value":["/","v","a","r","/","f","o","l","d","e","(90 more items)"],"text":"/var/folders/pw/8hq_vnqs3873g69p2tgpn26r0000gq/T/.org.chromium.Chromium.YxqPhv/uploadQ2S0Rq/img2.png"}
RESULT: {"sessionId":"ad7b2299bc74ce8d6400c721030477b7","status":0,"value":null}
COMMAND: POST http://127.0.0.1:9515/session/ad7b2299bc74ce8d6400c721030477b7/elements - {"using":"xpath","value":"//*[@id=\"croppie-org\"]/div[1]/img"}
RESULT: {"sessionId":"ad7b2299bc74ce8d6400c721030477b7","status":0,"value":[]}
COMMAND: POST http://127.0.0.1:9515/session/ad7b2299bc74ce8d6400c721030477b7/elements - {"using":"xpath","value":"//*[@id=\"croppie-org\"]/div[1]/img"}
RESULT: {"sessionId":"ad7b2299bc74ce8d6400c721030477b7","status":0,"value":[{"ELEMENT":"0.7910821494459759-13"}]}
COMMAND: POST http://127.0.0.1:9515/session/ad7b2299bc74ce8d6400c721030477b7/elements - {"using":"xpath","value":"//*[@id=\"modal-upload-image-org\"]/div/div[2]/div[2]/button[2]"}
RESULT: {"sessionId":"ad7b2299bc74ce8d6400c721030477b7","status":0,"value":[{"ELEMENT":"0.7910821494459759-14"}]}
COMMAND: GET http://127.0.0.1:9515/session/ad7b2299bc74ce8d6400c721030477b7/element/0.7910821494459759-14/displayed - {}
RESULT: {"sessionId":"ad7b2299bc74ce8d6400c721030477b7","status":0,"value":true}
COMMAND: POST http://127.0.0.1:9515/session/ad7b2299bc74ce8d6400c721030477b7/element - {"using":"xpath","value":"//*[@id=\"modal-upload-image-org\"]/div/div[2]/div[2]/button[2]"}
RESULT: {"sessionId":"ad7b2299bc74ce8d6400c721030477b7","status":0,"value":{"ELEMENT":"0.7910821494459759-14"}}
COMMAND: POST http://127.0.0.1:9515/session/ad7b2299bc74ce8d6400c721030477b7/element/0.7910821494459759-14/click - {}
RESULT: {"sessionId":"ad7b2299bc74ce8d6400c721030477b7","status":0,"value":null}
COMMAND: POST http://127.0.0.1:9515/session/ad7b2299bc74ce8d6400c721030477b7/elements - {"using":"xpath","value":"/html/body/div[1]/div/div[3]/div[2]/div[1]/div/div/div/div[2]/div/div[3]/div/div[1]/div/img"}
RESULT: {"sessionId":"ad7b2299bc74ce8d6400c721030477b7","status":0,"value":[]}
COMMAND: POST http://127.0.0.1:9515/session/ad7b2299bc74ce8d6400c721030477b7/elements - {"using":"xpath","value":"/html/body/div[1]/div/div[3]/div[2]/div[1]/div/div/div/div[2]/div/div[3]/div/div[1]/div/img"}
RESULT: {"sessionId":"ad7b2299bc74ce8d6400c721030477b7","status":0,"value":[]}
COMMAND: POST http://127.0.0.1:9515/session/ad7b2299bc74ce8d6400c721030477b7/elements - {"using":"xpath","value":"/html/body/div[1]/div/div[3]/div[2]/div[1]/div/div/div/div[2]/div/div[3]/div/div[1]/div/img"}
RESULT: {"sessionId":"ad7b2299bc74ce8d6400c721030477b7","status":0,"value":[]}
COMMAND: POST http://127.0.0.1:9515/session/ad7b2299bc74ce8d6400c721030477b7/elements - {"using":"xpath","value":"/html/body/div[1]/div/div[3]/div[2]/div[1]/div/div/div/div[2]/div/div[3]/div/div[1]/div/img"}
RESULT: {"sessionId":"ad7b2299bc74ce8d6400c721030477b7","status":0,"value":[]}
COMMAND: POST http://127.0.0.1:9515/session/ad7b2299bc74ce8d6400c721030477b7/elements - {"using":"xpath","value":"/html/body/div[1]/div/div[3]/div[2]/div[1]/div/div/div/div[2]/div/div[3]/div/div[1]/div/img"}
RESULT: {"sessionId":"ad7b2299bc74ce8d6400c721030477b7","status":0,"value":[{"ELEMENT":"0.7910821494459759-15"}]}
COMMAND: POST http://127.0.0.1:9515/session/ad7b2299bc74ce8d6400c721030477b7/elements - {"using":"xpath","value":"//*[@id=\"organizer_name\"]"}
RESULT: {"sessionId":"ad7b2299bc74ce8d6400c721030477b7","status":0,"value":[{"ELEMENT":"0.7910821494459759-16"}]}
COMMAND: POST http://127.0.0.1:9515/session/ad7b2299bc74ce8d6400c721030477b7/element/0.7910821494459759-16/clear - {}
RESULT: {"sessionId":"ad7b2299bc74ce8d6400c721030477b7","status":0,"value":null}
COMMAND: POST http://127.0.0.1:9515/session/ad7b2299bc74ce8d6400c721030477b7/element/0.7910821494459759-16/value - {"value":["T","e","s","t","i","n","g"," ","1","5","(11 more items)"],"text":"Testing 1528205257446"}
RESULT: {"sessionId":"ad7b2299bc74ce8d6400c721030477b7","status":0,"value":null}
COMMAND: POST http://127.0.0.1:9515/session/ad7b2299bc74ce8d6400c721030477b7/element - {"using":"xpath","value":"//*[@id=\"date-event\"]/span[2]"}
RESULT: {"sessionId":"ad7b2299bc74ce8d6400c721030477b7","status":0,"value":{"ELEMENT":"0.7910821494459759-17"}}
COMMAND: POST http://127.0.0.1:9515/session/ad7b2299bc74ce8d6400c721030477b7/element/0.7910821494459759-17/click - {}
RESULT: {"sessionId":"ad7b2299bc74ce8d6400c721030477b7","status":0,"value":null}
COMMAND: POST http://127.0.0.1:9515/session/ad7b2299bc74ce8d6400c721030477b7/element - {"using":"xpath","value":"//*[@id=\"modal-event-date-time\"]/div/div/ul[2]/li[1]/div[1]/div/div/input"}
RESULT: {"sessionId":"ad7b2299bc74ce8d6400c721030477b7","status":0,"value":{"ELEMENT":"0.7910821494459759-18"}}
COMMAND: POST http://127.0.0.1:9515/session/ad7b2299bc74ce8d6400c721030477b7/element/0.7910821494459759-18/click - {}
RESULT: {"sessionId":"ad7b2299bc74ce8d6400c721030477b7","status":0,"value":null}
COMMAND: POST http://127.0.0.1:9515/session/ad7b2299bc74ce8d6400c721030477b7/element - {"using":"xpath","value":"/html/body/div[2]/div[1]/div[2]/table/tbody/tr[2]/td[3]"}
RESULT: {"sessionId":"ad7b2299bc74ce8d6400c721030477b7","status":0,"value":{"ELEMENT":"0.7910821494459759-19"}}
COMMAND: POST http://127.0.0.1:9515/session/ad7b2299bc74ce8d6400c721030477b7/element/0.7910821494459759-19/click - {}
RESULT: {"sessionId":"ad7b2299bc74ce8d6400c721030477b7","status":0,"value":null}
COMMAND: POST http://127.0.0.1:9515/session/ad7b2299bc74ce8d6400c721030477b7/element - {"using":"xpath","value":"//*[@id=\"modal-event-date-time\"]/div/div/ul[2]/li[1]/div[3]/button"}
RESULT: {"sessionId":"ad7b2299bc74ce8d6400c721030477b7","status":0,"value":{"ELEMENT":"0.7910821494459759-20"}}
COMMAND: POST http://127.0.0.1:9515/session/ad7b2299bc74ce8d6400c721030477b7/element/0.7910821494459759-20/click - {}
RESULT: {"sessionId":"ad7b2299bc74ce8d6400c721030477b7","status":0,"value":null}
COMMAND: POST http://127.0.0.1:9515/session/ad7b2299bc74ce8d6400c721030477b7/element - {"using":"xpath","value":"//*[@id=\"modal-event-date-time\"]/div/div/ul[2]/li[2]/div[3]/div[2]/button"}
RESULT: {"sessionId":"ad7b2299bc74ce8d6400c721030477b7","status":0,"value":{"ELEMENT":"0.7910821494459759-21"}}
COMMAND: POST http://127.0.0.1:9515/session/ad7b2299bc74ce8d6400c721030477b7/element/0.7910821494459759-21/click - {}
RESULT: {"sessionId":"ad7b2299bc74ce8d6400c721030477b7","status":0,"value":null}
COMMAND: POST http://127.0.0.1:9515/session/ad7b2299bc74ce8d6400c721030477b7/elements - {"using":"id","value":"modal-event-date-time"}
RESULT: {"sessionId":"ad7b2299bc74ce8d6400c721030477b7","status":0,"value":[{"ELEMENT":"0.7910821494459759-22"}]}
COMMAND: GET http://127.0.0.1:9515/session/ad7b2299bc74ce8d6400c721030477b7/element/0.7910821494459759-22/displayed - {}
RESULT: {"sessionId":"ad7b2299bc74ce8d6400c721030477b7","status":0,"value":true}
COMMAND: POST http://127.0.0.1:9515/session/ad7b2299bc74ce8d6400c721030477b7/elements - {"using":"id","value":"modal-event-date-time"}
RESULT: {"sessionId":"ad7b2299bc74ce8d6400c721030477b7","status":0,"value":[{"ELEMENT":"0.7910821494459759-22"}]}
COMMAND: GET http://127.0.0.1:9515/session/ad7b2299bc74ce8d6400c721030477b7/element/0.7910821494459759-22/displayed - {}
RESULT: {"sessionId":"ad7b2299bc74ce8d6400c721030477b7","status":0,"value":false}
COMMAND: POST http://127.0.0.1:9515/session/ad7b2299bc74ce8d6400c721030477b7/element - {"using":"xpath","value":"/html/body/div[1]/div/div[3]/div[2]/div[1]/div/div/div/div[2]/div/div[5]/div/div/a"}
RESULT: {"sessionId":"ad7b2299bc74ce8d6400c721030477b7","status":0,"value":{"ELEMENT":"0.7910821494459759-23"}}
COMMAND: POST http://127.0.0.1:9515/session/ad7b2299bc74ce8d6400c721030477b7/element/0.7910821494459759-23/click - {}
RESULT: {"sessionId":"ad7b2299bc74ce8d6400c721030477b7","status":0,"value":null}
COMMAND: POST http://127.0.0.1:9515/session/ad7b2299bc74ce8d6400c721030477b7/elements - {"using":"xpath","value":"//*[@id=\"venue_name\"]"}
RESULT: {"sessionId":"ad7b2299bc74ce8d6400c721030477b7","status":0,"value":[{"ELEMENT":"0.7910821494459759-24"}]}
COMMAND: POST http://127.0.0.1:9515/session/ad7b2299bc74ce8d6400c721030477b7/element/0.7910821494459759-24/clear - {}
RESULT: {"sessionId":"ad7b2299bc74ce8d6400c721030477b7","status":0,"value":null}
COMMAND: POST http://127.0.0.1:9515/session/ad7b2299bc74ce8d6400c721030477b7/element/0.7910821494459759-24/value - {"value":["K","o","s","a","n"],"text":"Kosan"}
RESULT: {"sessionId":"ad7b2299bc74ce8d6400c721030477b7","status":0,"value":null}
COMMAND: POST http://127.0.0.1:9515/session/ad7b2299bc74ce8d6400c721030477b7/elements - {"using":"xpath","value":"//*[@id=\"search_location\"]"}
RESULT: {"sessionId":"ad7b2299bc74ce8d6400c721030477b7","status":0,"value":[{"ELEMENT":"0.7910821494459759-25"}]}
COMMAND: POST http://127.0.0.1:9515/session/ad7b2299bc74ce8d6400c721030477b7/element/0.7910821494459759-25/clear - {}
RESULT: {"sessionId":"ad7b2299bc74ce8d6400c721030477b7","status":0,"value":null}
COMMAND: POST http://127.0.0.1:9515/session/ad7b2299bc74ce8d6400c721030477b7/element/0.7910821494459759-25/value - {"value":["S","a","'","a","b","a"," ","2","5","B"],"text":"Sa'aba 25B"}
RESULT: {"sessionId":"ad7b2299bc74ce8d6400c721030477b7","status":0,"value":null}
COMMAND: POST http://127.0.0.1:9515/session/ad7b2299bc74ce8d6400c721030477b7/elements - {"using":"xpath","value":"//*[@id=\"loc-list\"]/ul/li[1]"}
RESULT: {"sessionId":"ad7b2299bc74ce8d6400c721030477b7","status":0,"value":[]}
COMMAND: POST http://127.0.0.1:9515/session/ad7b2299bc74ce8d6400c721030477b7/elements - {"using":"xpath","value":"//*[@id=\"loc-list\"]/ul/li[1]"}
RESULT: {"sessionId":"ad7b2299bc74ce8d6400c721030477b7","status":0,"value":[]}
COMMAND: POST http://127.0.0.1:9515/session/ad7b2299bc74ce8d6400c721030477b7/elements - {"using":"xpath","value":"//*[@id=\"loc-list\"]/ul/li[1]"}
RESULT: {"sessionId":"ad7b2299bc74ce8d6400c721030477b7","status":0,"value":[{"ELEMENT":"0.7910821494459759-26"}]}
COMMAND: POST http://127.0.0.1:9515/session/ad7b2299bc74ce8d6400c721030477b7/element - {"using":"xpath","value":"//*[@id=\"loc-list\"]/ul/li[1]"}
RESULT: {"sessionId":"ad7b2299bc74ce8d6400c721030477b7","status":0,"value":{"ELEMENT":"0.7910821494459759-26"}}
COMMAND: POST http://127.0.0.1:9515/session/ad7b2299bc74ce8d6400c721030477b7/element/0.7910821494459759-26/click - {}
RESULT: {"sessionId":"ad7b2299bc74ce8d6400c721030477b7","status":0,"value":null}
COMMAND: POST http://127.0.0.1:9515/session/ad7b2299bc74ce8d6400c721030477b7/element - {"using":"xpath","value":"//*[@id=\"save-location\"]"}
RESULT: {"sessionId":"ad7b2299bc74ce8d6400c721030477b7","status":0,"value":{"ELEMENT":"0.7910821494459759-27"}}
COMMAND: POST http://127.0.0.1:9515/session/ad7b2299bc74ce8d6400c721030477b7/element/0.7910821494459759-27/click - {}
RESULT: {"sessionId":"ad7b2299bc74ce8d6400c721030477b7","status":0,"value":null}
COMMAND: GET http://127.0.0.1:9515/session/ad7b2299bc74ce8d6400c721030477b7/screenshot - {}
RESULT: null
COMMAND: DELETE http://127.0.0.1:9515/session/ad7b2299bc74ce8d6400c721030477b7 - {}
RESULT: {"sessionId":"ad7b2299bc74ce8d6400c721030477b7","status":0,"value":null}
]]>
      </system-out>
    </testcase>
  </testsuite>
</testsuites>