<?xml version="1.0" encoding="UTF-8"?>
<testsuites>
  <testsuite name="test_create_event" timestamp="2018-06-05T21:23:43" time="34.96" tests="9" failures="0" errors="0" skipped="0">
    <properties>
      <property name="specId" value="ec661b8a293db6bf1d49dbdfcb0d05a7"/>
      <property name="suiteName" value="test create event"/>
      <property name="capabilities" value="chrome"/>
      <property name="file" value="./test/specs/create-event.js"/>
    </properties>
    <testcase classname="chrome.test_create_event" name="should_be_able_to_see_help_overlay" time="4.775">
      <system-out>
        <![CDATA[
COMMAND: POST http://127.0.0.1:9515/session/d6c7e05ee560f3dcfc1c76c8854a6d18/url - {"url":"http://ss.dev.loket.id/buat-event"}
RESULT: {"sessionId":"d6c7e05ee560f3dcfc1c76c8854a6d18","status":0,"value":null}
COMMAND: GET http://127.0.0.1:9515/session/d6c7e05ee560f3dcfc1c76c8854a6d18/title - {}
RESULT: {"sessionId":"d6c7e05ee560f3dcfc1c76c8854a6d18","status":0,"value":"Create Event - LOKET"}
COMMAND: GET http://127.0.0.1:9515/session/d6c7e05ee560f3dcfc1c76c8854a6d18/screenshot - {}
RESULT: null
]]>
      </system-out>
    </testcase>
    <testcase classname="chrome.test_create_event" name="should_be_able_to_close_help_overlay" time="0.583">
      <system-out>
        <![CDATA[
COMMAND: POST http://127.0.0.1:9515/session/d6c7e05ee560f3dcfc1c76c8854a6d18/element - {"using":"xpath","value":"//*[@id=\"modal-tour\"]/div/button"}
RESULT: {"sessionId":"d6c7e05ee560f3dcfc1c76c8854a6d18","status":0,"value":{"ELEMENT":"0.6027255808026803-1"}}
COMMAND: POST http://127.0.0.1:9515/session/d6c7e05ee560f3dcfc1c76c8854a6d18/element/0.6027255808026803-1/click - {}
RESULT: {"sessionId":"d6c7e05ee560f3dcfc1c76c8854a6d18","status":0,"value":null}
COMMAND: GET http://127.0.0.1:9515/session/d6c7e05ee560f3dcfc1c76c8854a6d18/screenshot - {}
RESULT: null
]]>
      </system-out>
    </testcase>
    <testcase classname="chrome.test_create_event" name="should_be_able_to_upload_banner" time="19.192">
      <system-out>
        <![CDATA[
COMMAND: POST http://127.0.0.1:9515/session/d6c7e05ee560f3dcfc1c76c8854a6d18/file - {"file":"[base64] 37960 bytes"}
RESULT: {"sessionId":"d6c7e05ee560f3dcfc1c76c8854a6d18","status":0,"value":"/var/folders/pw/8hq_vnqs3873g69p2tgpn26r0000gq/T/.org.chromium.Chromium.MzLjX9/upload5dZSko/img.jpg"}
COMMAND: POST http://127.0.0.1:9515/session/d6c7e05ee560f3dcfc1c76c8854a6d18/elements - {"using":"xpath","value":"/html/body/div[1]/div/div[3]/div[2]/div[1]/div/div/div/div[1]/div[1]/ul/li/div/div/div/div/div[1]/input"}
RESULT: {"sessionId":"d6c7e05ee560f3dcfc1c76c8854a6d18","status":0,"value":[{"ELEMENT":"0.6027255808026803-2"}]}
COMMAND: POST http://127.0.0.1:9515/session/d6c7e05ee560f3dcfc1c76c8854a6d18/element/0.6027255808026803-2/value - {"value":["/","v","a","r","/","f","o","l","d","e","(89 more items)"],"text":"/var/folders/pw/8hq_vnqs3873g69p2tgpn26r0000gq/T/.org.chromium.Chromium.MzLjX9/upload5dZSko/img.jpg"}
RESULT: {"sessionId":"d6c7e05ee560f3dcfc1c76c8854a6d18","status":0,"value":null}
COMMAND: POST http://127.0.0.1:9515/session/d6c7e05ee560f3dcfc1c76c8854a6d18/elements - {"using":"xpath","value":"//*[@id=\"croppie\"]/div[1]/img"}
RESULT: {"sessionId":"d6c7e05ee560f3dcfc1c76c8854a6d18","status":0,"value":[]}
COMMAND: POST http://127.0.0.1:9515/session/d6c7e05ee560f3dcfc1c76c8854a6d18/elements - {"using":"xpath","value":"//*[@id=\"croppie\"]/div[1]/img"}
RESULT: {"sessionId":"d6c7e05ee560f3dcfc1c76c8854a6d18","status":0,"value":[]}
COMMAND: POST http://127.0.0.1:9515/session/d6c7e05ee560f3dcfc1c76c8854a6d18/elements - {"using":"xpath","value":"//*[@id=\"croppie\"]/div[1]/img"}
RESULT: {"sessionId":"d6c7e05ee560f3dcfc1c76c8854a6d18","status":0,"value":[]}
COMMAND: POST http://127.0.0.1:9515/session/d6c7e05ee560f3dcfc1c76c8854a6d18/elements - {"using":"xpath","value":"//*[@id=\"croppie\"]/div[1]/img"}
RESULT: {"sessionId":"d6c7e05ee560f3dcfc1c76c8854a6d18","status":0,"value":[]}
COMMAND: POST http://127.0.0.1:9515/session/d6c7e05ee560f3dcfc1c76c8854a6d18/elements - {"using":"xpath","value":"//*[@id=\"croppie\"]/div[1]/img"}
RESULT: {"sessionId":"d6c7e05ee560f3dcfc1c76c8854a6d18","status":0,"value":[]}
COMMAND: POST http://127.0.0.1:9515/session/d6c7e05ee560f3dcfc1c76c8854a6d18/elements - {"using":"xpath","value":"//*[@id=\"croppie\"]/div[1]/img"}
RESULT: {"sessionId":"d6c7e05ee560f3dcfc1c76c8854a6d18","status":0,"value":[]}
COMMAND: POST http://127.0.0.1:9515/session/d6c7e05ee560f3dcfc1c76c8854a6d18/elements - {"using":"xpath","value":"//*[@id=\"croppie\"]/div[1]/img"}
RESULT: {"sessionId":"d6c7e05ee560f3dcfc1c76c8854a6d18","status":0,"value":[]}
COMMAND: POST http://127.0.0.1:9515/session/d6c7e05ee560f3dcfc1c76c8854a6d18/elements - {"using":"xpath","value":"//*[@id=\"croppie\"]/div[1]/img"}
RESULT: {"sessionId":"d6c7e05ee560f3dcfc1c76c8854a6d18","status":0,"value":[{"ELEMENT":"0.6027255808026803-3"}]}
COMMAND: GET http://127.0.0.1:9515/session/d6c7e05ee560f3dcfc1c76c8854a6d18/element/0.6027255808026803-3/displayed - {}
RESULT: {"sessionId":"d6c7e05ee560f3dcfc1c76c8854a6d18","status":0,"value":false}
COMMAND: POST http://127.0.0.1:9515/session/d6c7e05ee560f3dcfc1c76c8854a6d18/elements - {"using":"xpath","value":"//*[@id=\"croppie\"]/div[1]/img"}
RESULT: {"sessionId":"d6c7e05ee560f3dcfc1c76c8854a6d18","status":0,"value":[{"ELEMENT":"0.6027255808026803-3"}]}
COMMAND: GET http://127.0.0.1:9515/session/d6c7e05ee560f3dcfc1c76c8854a6d18/element/0.6027255808026803-3/displayed - {}
RESULT: {"sessionId":"d6c7e05ee560f3dcfc1c76c8854a6d18","status":0,"value":false}
COMMAND: POST http://127.0.0.1:9515/session/d6c7e05ee560f3dcfc1c76c8854a6d18/elements - {"using":"xpath","value":"//*[@id=\"croppie\"]/div[1]/img"}
RESULT: {"sessionId":"d6c7e05ee560f3dcfc1c76c8854a6d18","status":0,"value":[{"ELEMENT":"0.6027255808026803-3"}]}
COMMAND: GET http://127.0.0.1:9515/session/d6c7e05ee560f3dcfc1c76c8854a6d18/element/0.6027255808026803-3/displayed - {}
RESULT: {"sessionId":"d6c7e05ee560f3dcfc1c76c8854a6d18","status":0,"value":false}
COMMAND: POST http://127.0.0.1:9515/session/d6c7e05ee560f3dcfc1c76c8854a6d18/elements - {"using":"xpath","value":"//*[@id=\"croppie\"]/div[1]/img"}
RESULT: {"sessionId":"d6c7e05ee560f3dcfc1c76c8854a6d18","status":0,"value":[{"ELEMENT":"0.6027255808026803-3"}]}
COMMAND: GET http://127.0.0.1:9515/session/d6c7e05ee560f3dcfc1c76c8854a6d18/element/0.6027255808026803-3/displayed - {}
RESULT: {"sessionId":"d6c7e05ee560f3dcfc1c76c8854a6d18","status":0,"value":false}
COMMAND: POST http://127.0.0.1:9515/session/d6c7e05ee560f3dcfc1c76c8854a6d18/elements - {"using":"xpath","value":"//*[@id=\"croppie\"]/div[1]/img"}
RESULT: {"sessionId":"d6c7e05ee560f3dcfc1c76c8854a6d18","status":0,"value":[{"ELEMENT":"0.6027255808026803-3"}]}
COMMAND: GET http://127.0.0.1:9515/session/d6c7e05ee560f3dcfc1c76c8854a6d18/element/0.6027255808026803-3/displayed - {}
RESULT: {"sessionId":"d6c7e05ee560f3dcfc1c76c8854a6d18","status":0,"value":false}
COMMAND: POST http://127.0.0.1:9515/session/d6c7e05ee560f3dcfc1c76c8854a6d18/elements - {"using":"xpath","value":"//*[@id=\"croppie\"]/div[1]/img"}
RESULT: {"sessionId":"d6c7e05ee560f3dcfc1c76c8854a6d18","status":0,"value":[{"ELEMENT":"0.6027255808026803-3"}]}
COMMAND: GET http://127.0.0.1:9515/session/d6c7e05ee560f3dcfc1c76c8854a6d18/element/0.6027255808026803-3/displayed - {}
RESULT: {"sessionId":"d6c7e05ee560f3dcfc1c76c8854a6d18","status":0,"value":false}
COMMAND: POST http://127.0.0.1:9515/session/d6c7e05ee560f3dcfc1c76c8854a6d18/elements - {"using":"xpath","value":"//*[@id=\"croppie\"]/div[1]/img"}
RESULT: {"sessionId":"d6c7e05ee560f3dcfc1c76c8854a6d18","status":0,"value":[{"ELEMENT":"0.6027255808026803-3"}]}
COMMAND: GET http://127.0.0.1:9515/session/d6c7e05ee560f3dcfc1c76c8854a6d18/element/0.6027255808026803-3/displayed - {}
RESULT: {"sessionId":"d6c7e05ee560f3dcfc1c76c8854a6d18","status":0,"value":false}
COMMAND: POST http://127.0.0.1:9515/session/d6c7e05ee560f3dcfc1c76c8854a6d18/elements - {"using":"xpath","value":"//*[@id=\"croppie\"]/div[1]/img"}
RESULT: {"sessionId":"d6c7e05ee560f3dcfc1c76c8854a6d18","status":0,"value":[{"ELEMENT":"0.6027255808026803-3"}]}
COMMAND: GET http://127.0.0.1:9515/session/d6c7e05ee560f3dcfc1c76c8854a6d18/element/0.6027255808026803-3/displayed - {}
RESULT: {"sessionId":"d6c7e05ee560f3dcfc1c76c8854a6d18","status":0,"value":false}
COMMAND: POST http://127.0.0.1:9515/session/d6c7e05ee560f3dcfc1c76c8854a6d18/elements - {"using":"xpath","value":"//*[@id=\"croppie\"]/div[1]/img"}
RESULT: {"sessionId":"d6c7e05ee560f3dcfc1c76c8854a6d18","status":0,"value":[{"ELEMENT":"0.6027255808026803-3"}]}
COMMAND: GET http://127.0.0.1:9515/session/d6c7e05ee560f3dcfc1c76c8854a6d18/element/0.6027255808026803-3/displayed - {}
RESULT: {"sessionId":"d6c7e05ee560f3dcfc1c76c8854a6d18","status":0,"value":false}
COMMAND: POST http://127.0.0.1:9515/session/d6c7e05ee560f3dcfc1c76c8854a6d18/elements - {"using":"xpath","value":"//*[@id=\"croppie\"]/div[1]/img"}
RESULT: {"sessionId":"d6c7e05ee560f3dcfc1c76c8854a6d18","status":0,"value":[{"ELEMENT":"0.6027255808026803-3"}]}
COMMAND: GET http://127.0.0.1:9515/session/d6c7e05ee560f3dcfc1c76c8854a6d18/element/0.6027255808026803-3/displayed - {}
RESULT: {"sessionId":"d6c7e05ee560f3dcfc1c76c8854a6d18","status":0,"value":false}
COMMAND: POST http://127.0.0.1:9515/session/d6c7e05ee560f3dcfc1c76c8854a6d18/elements - {"using":"xpath","value":"//*[@id=\"croppie\"]/div[1]/img"}
RESULT: {"sessionId":"d6c7e05ee560f3dcfc1c76c8854a6d18","status":0,"value":[{"ELEMENT":"0.6027255808026803-3"}]}
COMMAND: GET http://127.0.0.1:9515/session/d6c7e05ee560f3dcfc1c76c8854a6d18/element/0.6027255808026803-3/displayed - {}
RESULT: {"sessionId":"d6c7e05ee560f3dcfc1c76c8854a6d18","status":0,"value":false}
COMMAND: POST http://127.0.0.1:9515/session/d6c7e05ee560f3dcfc1c76c8854a6d18/elements - {"using":"xpath","value":"//*[@id=\"croppie\"]/div[1]/img"}
RESULT: {"sessionId":"d6c7e05ee560f3dcfc1c76c8854a6d18","status":0,"value":[{"ELEMENT":"0.6027255808026803-3"}]}
COMMAND: GET http://127.0.0.1:9515/session/d6c7e05ee560f3dcfc1c76c8854a6d18/element/0.6027255808026803-3/displayed - {}
RESULT: {"sessionId":"d6c7e05ee560f3dcfc1c76c8854a6d18","status":0,"value":false}
COMMAND: POST http://127.0.0.1:9515/session/d6c7e05ee560f3dcfc1c76c8854a6d18/elements - {"using":"xpath","value":"//*[@id=\"croppie\"]/div[1]/img"}
RESULT: {"sessionId":"d6c7e05ee560f3dcfc1c76c8854a6d18","status":0,"value":[{"ELEMENT":"0.6027255808026803-3"}]}
COMMAND: GET http://127.0.0.1:9515/session/d6c7e05ee560f3dcfc1c76c8854a6d18/element/0.6027255808026803-3/displayed - {}
RESULT: {"sessionId":"d6c7e05ee560f3dcfc1c76c8854a6d18","status":0,"value":false}
COMMAND: POST http://127.0.0.1:9515/session/d6c7e05ee560f3dcfc1c76c8854a6d18/elements - {"using":"xpath","value":"//*[@id=\"croppie\"]/div[1]/img"}
RESULT: {"sessionId":"d6c7e05ee560f3dcfc1c76c8854a6d18","status":0,"value":[{"ELEMENT":"0.6027255808026803-3"}]}
COMMAND: GET http://127.0.0.1:9515/session/d6c7e05ee560f3dcfc1c76c8854a6d18/element/0.6027255808026803-3/displayed - {}
RESULT: {"sessionId":"d6c7e05ee560f3dcfc1c76c8854a6d18","status":0,"value":false}
COMMAND: POST http://127.0.0.1:9515/session/d6c7e05ee560f3dcfc1c76c8854a6d18/elements - {"using":"xpath","value":"//*[@id=\"croppie\"]/div[1]/img"}
RESULT: {"sessionId":"d6c7e05ee560f3dcfc1c76c8854a6d18","status":0,"value":[{"ELEMENT":"0.6027255808026803-3"}]}
COMMAND: GET http://127.0.0.1:9515/session/d6c7e05ee560f3dcfc1c76c8854a6d18/element/0.6027255808026803-3/displayed - {}
RESULT: {"sessionId":"d6c7e05ee560f3dcfc1c76c8854a6d18","status":0,"value":false}
COMMAND: POST http://127.0.0.1:9515/session/d6c7e05ee560f3dcfc1c76c8854a6d18/elements - {"using":"xpath","value":"//*[@id=\"croppie\"]/div[1]/img"}
RESULT: {"sessionId":"d6c7e05ee560f3dcfc1c76c8854a6d18","status":0,"value":[{"ELEMENT":"0.6027255808026803-3"}]}
COMMAND: GET http://127.0.0.1:9515/session/d6c7e05ee560f3dcfc1c76c8854a6d18/element/0.6027255808026803-3/displayed - {}
RESULT: {"sessionId":"d6c7e05ee560f3dcfc1c76c8854a6d18","status":0,"value":false}
COMMAND: POST http://127.0.0.1:9515/session/d6c7e05ee560f3dcfc1c76c8854a6d18/elements - {"using":"xpath","value":"//*[@id=\"croppie\"]/div[1]/img"}
RESULT: {"sessionId":"d6c7e05ee560f3dcfc1c76c8854a6d18","status":0,"value":[{"ELEMENT":"0.6027255808026803-3"}]}
COMMAND: GET http://127.0.0.1:9515/session/d6c7e05ee560f3dcfc1c76c8854a6d18/element/0.6027255808026803-3/displayed - {}
RESULT: {"sessionId":"d6c7e05ee560f3dcfc1c76c8854a6d18","status":0,"value":false}
COMMAND: POST http://127.0.0.1:9515/session/d6c7e05ee560f3dcfc1c76c8854a6d18/elements - {"using":"xpath","value":"//*[@id=\"croppie\"]/div[1]/img"}
RESULT: {"sessionId":"d6c7e05ee560f3dcfc1c76c8854a6d18","status":0,"value":[{"ELEMENT":"0.6027255808026803-3"}]}
COMMAND: GET http://127.0.0.1:9515/session/d6c7e05ee560f3dcfc1c76c8854a6d18/element/0.6027255808026803-3/displayed - {}
RESULT: {"sessionId":"d6c7e05ee560f3dcfc1c76c8854a6d18","status":0,"value":false}
COMMAND: POST http://127.0.0.1:9515/session/d6c7e05ee560f3dcfc1c76c8854a6d18/elements - {"using":"xpath","value":"//*[@id=\"croppie\"]/div[1]/img"}
RESULT: {"sessionId":"d6c7e05ee560f3dcfc1c76c8854a6d18","status":0,"value":[{"ELEMENT":"0.6027255808026803-3"}]}
COMMAND: GET http://127.0.0.1:9515/session/d6c7e05ee560f3dcfc1c76c8854a6d18/element/0.6027255808026803-3/displayed - {}
RESULT: {"sessionId":"d6c7e05ee560f3dcfc1c76c8854a6d18","status":0,"value":false}
COMMAND: POST http://127.0.0.1:9515/session/d6c7e05ee560f3dcfc1c76c8854a6d18/elements - {"using":"xpath","value":"//*[@id=\"croppie\"]/div[1]/img"}
RESULT: {"sessionId":"d6c7e05ee560f3dcfc1c76c8854a6d18","status":0,"value":[{"ELEMENT":"0.6027255808026803-3"}]}
COMMAND: GET http://127.0.0.1:9515/session/d6c7e05ee560f3dcfc1c76c8854a6d18/element/0.6027255808026803-3/displayed - {}
RESULT: {"sessionId":"d6c7e05ee560f3dcfc1c76c8854a6d18","status":0,"value":false}
COMMAND: POST http://127.0.0.1:9515/session/d6c7e05ee560f3dcfc1c76c8854a6d18/elements - {"using":"xpath","value":"//*[@id=\"croppie\"]/div[1]/img"}
RESULT: {"sessionId":"d6c7e05ee560f3dcfc1c76c8854a6d18","status":0,"value":[{"ELEMENT":"0.6027255808026803-3"}]}
COMMAND: GET http://127.0.0.1:9515/session/d6c7e05ee560f3dcfc1c76c8854a6d18/element/0.6027255808026803-3/displayed - {}
RESULT: {"sessionId":"d6c7e05ee560f3dcfc1c76c8854a6d18","status":0,"value":false}
COMMAND: POST http://127.0.0.1:9515/session/d6c7e05ee560f3dcfc1c76c8854a6d18/elements - {"using":"xpath","value":"//*[@id=\"croppie\"]/div[1]/img"}
RESULT: {"sessionId":"d6c7e05ee560f3dcfc1c76c8854a6d18","status":0,"value":[{"ELEMENT":"0.6027255808026803-3"}]}
COMMAND: GET http://127.0.0.1:9515/session/d6c7e05ee560f3dcfc1c76c8854a6d18/element/0.6027255808026803-3/displayed - {}
RESULT: {"sessionId":"d6c7e05ee560f3dcfc1c76c8854a6d18","status":0,"value":false}
COMMAND: POST http://127.0.0.1:9515/session/d6c7e05ee560f3dcfc1c76c8854a6d18/elements - {"using":"xpath","value":"//*[@id=\"croppie\"]/div[1]/img"}
RESULT: {"sessionId":"d6c7e05ee560f3dcfc1c76c8854a6d18","status":0,"value":[{"ELEMENT":"0.6027255808026803-3"}]}
COMMAND: GET http://127.0.0.1:9515/session/d6c7e05ee560f3dcfc1c76c8854a6d18/element/0.6027255808026803-3/displayed - {}
RESULT: {"sessionId":"d6c7e05ee560f3dcfc1c76c8854a6d18","status":0,"value":true}
COMMAND: POST http://127.0.0.1:9515/session/d6c7e05ee560f3dcfc1c76c8854a6d18/elements - {"using":"xpath","value":"//*[@id=\"modal-upload-image\"]/div/div[2]/div[4]/div/div[3]/button"}
RESULT: {"sessionId":"d6c7e05ee560f3dcfc1c76c8854a6d18","status":0,"value":[{"ELEMENT":"0.6027255808026803-4"}]}
COMMAND: GET http://127.0.0.1:9515/session/d6c7e05ee560f3dcfc1c76c8854a6d18/element/0.6027255808026803-4/displayed - {}
RESULT: {"sessionId":"d6c7e05ee560f3dcfc1c76c8854a6d18","status":0,"value":true}
COMMAND: GET http://127.0.0.1:9515/session/d6c7e05ee560f3dcfc1c76c8854a6d18/screenshot - {}
RESULT: null
COMMAND: POST http://127.0.0.1:9515/session/d6c7e05ee560f3dcfc1c76c8854a6d18/element - {"using":"xpath","value":"//*[@id=\"modal-upload-image\"]/div/div[2]/div[4]/div/div[3]/button"}
RESULT: {"sessionId":"d6c7e05ee560f3dcfc1c76c8854a6d18","status":0,"value":{"ELEMENT":"0.6027255808026803-4"}}
COMMAND: POST http://127.0.0.1:9515/session/d6c7e05ee560f3dcfc1c76c8854a6d18/element/0.6027255808026803-4/click - {}
RESULT: {"sessionId":"d6c7e05ee560f3dcfc1c76c8854a6d18","status":0,"value":null}
COMMAND: POST http://127.0.0.1:9515/session/d6c7e05ee560f3dcfc1c76c8854a6d18/elements - {"using":"xpath","value":"/html/body/div[1]/div/div[3]/div[2]/div[1]/div/div/div/div[1]/div/ul/li/div/div[2]/button[1]/span"}
RESULT: {"sessionId":"d6c7e05ee560f3dcfc1c76c8854a6d18","status":0,"value":[]}
COMMAND: POST http://127.0.0.1:9515/session/d6c7e05ee560f3dcfc1c76c8854a6d18/elements - {"using":"xpath","value":"/html/body/div[1]/div/div[3]/div[2]/div[1]/div/div/div/div[1]/div/ul/li/div/div[2]/button[1]/span"}
RESULT: {"sessionId":"d6c7e05ee560f3dcfc1c76c8854a6d18","status":0,"value":[]}
COMMAND: POST http://127.0.0.1:9515/session/d6c7e05ee560f3dcfc1c76c8854a6d18/elements - {"using":"xpath","value":"/html/body/div[1]/div/div[3]/div[2]/div[1]/div/div/div/div[1]/div/ul/li/div/div[2]/button[1]/span"}
RESULT: {"sessionId":"d6c7e05ee560f3dcfc1c76c8854a6d18","status":0,"value":[]}
COMMAND: POST http://127.0.0.1:9515/session/d6c7e05ee560f3dcfc1c76c8854a6d18/elements - {"using":"xpath","value":"/html/body/div[1]/div/div[3]/div[2]/div[1]/div/div/div/div[1]/div/ul/li/div/div[2]/button[1]/span"}
RESULT: {"sessionId":"d6c7e05ee560f3dcfc1c76c8854a6d18","status":0,"value":[]}
COMMAND: POST http://127.0.0.1:9515/session/d6c7e05ee560f3dcfc1c76c8854a6d18/elements - {"using":"xpath","value":"/html/body/div[1]/div/div[3]/div[2]/div[1]/div/div/div/div[1]/div/ul/li/div/div[2]/button[1]/span"}
RESULT: {"sessionId":"d6c7e05ee560f3dcfc1c76c8854a6d18","status":0,"value":[]}
COMMAND: POST http://127.0.0.1:9515/session/d6c7e05ee560f3dcfc1c76c8854a6d18/elements - {"using":"xpath","value":"/html/body/div[1]/div/div[3]/div[2]/div[1]/div/div/div/div[1]/div/ul/li/div/div[2]/button[1]/span"}
RESULT: {"sessionId":"d6c7e05ee560f3dcfc1c76c8854a6d18","status":0,"value":[]}
COMMAND: POST http://127.0.0.1:9515/session/d6c7e05ee560f3dcfc1c76c8854a6d18/elements - {"using":"xpath","value":"/html/body/div[1]/div/div[3]/div[2]/div[1]/div/div/div/div[1]/div/ul/li/div/div[2]/button[1]/span"}
RESULT: {"sessionId":"d6c7e05ee560f3dcfc1c76c8854a6d18","status":0,"value":[]}
COMMAND: POST http://127.0.0.1:9515/session/d6c7e05ee560f3dcfc1c76c8854a6d18/elements - {"using":"xpath","value":"/html/body/div[1]/div/div[3]/div[2]/div[1]/div/div/div/div[1]/div/ul/li/div/div[2]/button[1]/span"}
RESULT: {"sessionId":"d6c7e05ee560f3dcfc1c76c8854a6d18","status":0,"value":[]}
COMMAND: POST http://127.0.0.1:9515/session/d6c7e05ee560f3dcfc1c76c8854a6d18/elements - {"using":"xpath","value":"/html/body/div[1]/div/div[3]/div[2]/div[1]/div/div/div/div[1]/div/ul/li/div/div[2]/button[1]/span"}
RESULT: {"sessionId":"d6c7e05ee560f3dcfc1c76c8854a6d18","status":0,"value":[{"ELEMENT":"0.6027255808026803-5"}]}
]]>
      </system-out>
    </testcase>
    <testcase classname="chrome.test_create_event" name="should_be_able_to_fill_event_name" time="0.856">
      <system-out>
        <![CDATA[
COMMAND: POST http://127.0.0.1:9515/session/d6c7e05ee560f3dcfc1c76c8854a6d18/execute - {"script":"return (function scroll(x, y) {\n    return window.scrollTo(x, y);\n}).apply(null, arguments)","args":[0,400]}
RESULT: {"sessionId":"d6c7e05ee560f3dcfc1c76c8854a6d18","status":0,"value":null}
COMMAND: POST http://127.0.0.1:9515/session/d6c7e05ee560f3dcfc1c76c8854a6d18/elements - {"using":"id","value":"create-event-name"}
RESULT: {"sessionId":"d6c7e05ee560f3dcfc1c76c8854a6d18","status":0,"value":[{"ELEMENT":"0.6027255808026803-6"}]}
COMMAND: POST http://127.0.0.1:9515/session/d6c7e05ee560f3dcfc1c76c8854a6d18/element/0.6027255808026803-6/clear - {}
RESULT: {"sessionId":"d6c7e05ee560f3dcfc1c76c8854a6d18","status":0,"value":null}
COMMAND: POST http://127.0.0.1:9515/session/d6c7e05ee560f3dcfc1c76c8854a6d18/element/0.6027255808026803-6/value - {"value":["L","e","b","a","r","a","n"," ","S","e","(11 more items)"],"text":"Lebaran Sebentar Lagi"}
RESULT: {"sessionId":"d6c7e05ee560f3dcfc1c76c8854a6d18","status":0,"value":null}
COMMAND: GET http://127.0.0.1:9515/session/d6c7e05ee560f3dcfc1c76c8854a6d18/screenshot - {}
RESULT: null
]]>
      </system-out>
    </testcase>
    <testcase classname="chrome.test_create_event" name="should_be_able_to_pick_categories" time="0.874">
      <system-out>
        <![CDATA[
COMMAND: POST http://127.0.0.1:9515/session/d6c7e05ee560f3dcfc1c76c8854a6d18/element - {"using":"xpath","value":"/html/body/div[1]/div/div[3]/div[2]/div[1]/div/div/div/div[2]/div/div[2]/div/div"}
RESULT: {"sessionId":"d6c7e05ee560f3dcfc1c76c8854a6d18","status":0,"value":{"ELEMENT":"0.6027255808026803-7"}}
COMMAND: POST http://127.0.0.1:9515/session/d6c7e05ee560f3dcfc1c76c8854a6d18/element/0.6027255808026803-7/click - {}
RESULT: {"sessionId":"d6c7e05ee560f3dcfc1c76c8854a6d18","status":0,"value":null}
COMMAND: POST http://127.0.0.1:9515/session/d6c7e05ee560f3dcfc1c76c8854a6d18/element - {"using":"xpath","value":"//*[@id=\"modal-category\"]/div/div/div[1]/div/div[1]/div/button[1]"}
RESULT: {"sessionId":"d6c7e05ee560f3dcfc1c76c8854a6d18","status":0,"value":{"ELEMENT":"0.6027255808026803-8"}}
COMMAND: POST http://127.0.0.1:9515/session/d6c7e05ee560f3dcfc1c76c8854a6d18/element/0.6027255808026803-8/click - {}
RESULT: {"sessionId":"d6c7e05ee560f3dcfc1c76c8854a6d18","status":0,"value":null}
COMMAND: POST http://127.0.0.1:9515/session/d6c7e05ee560f3dcfc1c76c8854a6d18/element - {"using":"xpath","value":"//*[@id=\"modal-category\"]/div/div/div[1]/div/div[1]/div/button[2]"}
RESULT: {"sessionId":"d6c7e05ee560f3dcfc1c76c8854a6d18","status":0,"value":{"ELEMENT":"0.6027255808026803-9"}}
COMMAND: POST http://127.0.0.1:9515/session/d6c7e05ee560f3dcfc1c76c8854a6d18/element/0.6027255808026803-9/click - {}
RESULT: {"sessionId":"d6c7e05ee560f3dcfc1c76c8854a6d18","status":0,"value":null}
COMMAND: POST http://127.0.0.1:9515/session/d6c7e05ee560f3dcfc1c76c8854a6d18/element - {"using":"xpath","value":"//*[@id=\"modal-category\"]/div/div/div[1]/div/div[1]/div/button[16]"}
RESULT: {"sessionId":"d6c7e05ee560f3dcfc1c76c8854a6d18","status":0,"value":{"ELEMENT":"0.6027255808026803-10"}}
COMMAND: POST http://127.0.0.1:9515/session/d6c7e05ee560f3dcfc1c76c8854a6d18/element/0.6027255808026803-10/click - {}
RESULT: {"sessionId":"d6c7e05ee560f3dcfc1c76c8854a6d18","status":0,"value":null}
COMMAND: GET http://127.0.0.1:9515/session/d6c7e05ee560f3dcfc1c76c8854a6d18/screenshot - {}
RESULT: null
COMMAND: POST http://127.0.0.1:9515/session/d6c7e05ee560f3dcfc1c76c8854a6d18/element - {"using":"xpath","value":"//*[@id=\"save-category\"]"}
RESULT: {"sessionId":"d6c7e05ee560f3dcfc1c76c8854a6d18","status":0,"value":{"ELEMENT":"0.6027255808026803-11"}}
COMMAND: POST http://127.0.0.1:9515/session/d6c7e05ee560f3dcfc1c76c8854a6d18/element/0.6027255808026803-11/click - {}
RESULT: {"sessionId":"d6c7e05ee560f3dcfc1c76c8854a6d18","status":0,"value":null}
]]>
      </system-out>
    </testcase>
    <testcase classname="chrome.test_create_event" name="should_be_able_to_upload_organizer_avatar" time="3.161">
      <system-out>
        <![CDATA[
COMMAND: POST http://127.0.0.1:9515/session/d6c7e05ee560f3dcfc1c76c8854a6d18/file - {"file":"[base64] 82064 bytes"}
RESULT: {"sessionId":"d6c7e05ee560f3dcfc1c76c8854a6d18","status":0,"value":"/var/folders/pw/8hq_vnqs3873g69p2tgpn26r0000gq/T/.org.chromium.Chromium.MzLjX9/uploadhyASFl/img2.png"}
COMMAND: POST http://127.0.0.1:9515/session/d6c7e05ee560f3dcfc1c76c8854a6d18/elements - {"using":"xpath","value":"//*[@id=\"fileItem\"]"}
RESULT: {"sessionId":"d6c7e05ee560f3dcfc1c76c8854a6d18","status":0,"value":[{"ELEMENT":"0.6027255808026803-12"}]}
COMMAND: POST http://127.0.0.1:9515/session/d6c7e05ee560f3dcfc1c76c8854a6d18/element/0.6027255808026803-12/value - {"value":["/","v","a","r","/","f","o","l","d","e","(90 more items)"],"text":"/var/folders/pw/8hq_vnqs3873g69p2tgpn26r0000gq/T/.org.chromium.Chromium.MzLjX9/uploadhyASFl/img2.png"}
RESULT: {"sessionId":"d6c7e05ee560f3dcfc1c76c8854a6d18","status":0,"value":null}
COMMAND: POST http://127.0.0.1:9515/session/d6c7e05ee560f3dcfc1c76c8854a6d18/elements - {"using":"xpath","value":"//*[@id=\"croppie-org\"]/div[1]/img"}
RESULT: {"sessionId":"d6c7e05ee560f3dcfc1c76c8854a6d18","status":0,"value":[]}
COMMAND: POST http://127.0.0.1:9515/session/d6c7e05ee560f3dcfc1c76c8854a6d18/elements - {"using":"xpath","value":"//*[@id=\"croppie-org\"]/div[1]/img"}
RESULT: {"sessionId":"d6c7e05ee560f3dcfc1c76c8854a6d18","status":0,"value":[{"ELEMENT":"0.6027255808026803-13"}]}
COMMAND: POST http://127.0.0.1:9515/session/d6c7e05ee560f3dcfc1c76c8854a6d18/elements - {"using":"xpath","value":"//*[@id=\"modal-upload-image-org\"]/div/div[2]/div[2]/button[2]"}
RESULT: {"sessionId":"d6c7e05ee560f3dcfc1c76c8854a6d18","status":0,"value":[{"ELEMENT":"0.6027255808026803-14"}]}
COMMAND: GET http://127.0.0.1:9515/session/d6c7e05ee560f3dcfc1c76c8854a6d18/element/0.6027255808026803-14/displayed - {}
RESULT: {"sessionId":"d6c7e05ee560f3dcfc1c76c8854a6d18","status":0,"value":true}
COMMAND: POST http://127.0.0.1:9515/session/d6c7e05ee560f3dcfc1c76c8854a6d18/element - {"using":"xpath","value":"//*[@id=\"modal-upload-image-org\"]/div/div[2]/div[2]/button[2]"}
RESULT: {"sessionId":"d6c7e05ee560f3dcfc1c76c8854a6d18","status":0,"value":{"ELEMENT":"0.6027255808026803-14"}}
COMMAND: POST http://127.0.0.1:9515/session/d6c7e05ee560f3dcfc1c76c8854a6d18/element/0.6027255808026803-14/click - {}
RESULT: {"sessionId":"d6c7e05ee560f3dcfc1c76c8854a6d18","status":0,"value":null}
COMMAND: POST http://127.0.0.1:9515/session/d6c7e05ee560f3dcfc1c76c8854a6d18/elements - {"using":"xpath","value":"/html/body/div[1]/div/div[3]/div[2]/div[1]/div/div/div/div[2]/div/div[3]/div/div[1]/div/img"}
RESULT: {"sessionId":"d6c7e05ee560f3dcfc1c76c8854a6d18","status":0,"value":[]}
COMMAND: POST http://127.0.0.1:9515/session/d6c7e05ee560f3dcfc1c76c8854a6d18/elements - {"using":"xpath","value":"/html/body/div[1]/div/div[3]/div[2]/div[1]/div/div/div/div[2]/div/div[3]/div/div[1]/div/img"}
RESULT: {"sessionId":"d6c7e05ee560f3dcfc1c76c8854a6d18","status":0,"value":[]}
COMMAND: POST http://127.0.0.1:9515/session/d6c7e05ee560f3dcfc1c76c8854a6d18/elements - {"using":"xpath","value":"/html/body/div[1]/div/div[3]/div[2]/div[1]/div/div/div/div[2]/div/div[3]/div/div[1]/div/img"}
RESULT: {"sessionId":"d6c7e05ee560f3dcfc1c76c8854a6d18","status":0,"value":[]}
COMMAND: POST http://127.0.0.1:9515/session/d6c7e05ee560f3dcfc1c76c8854a6d18/elements - {"using":"xpath","value":"/html/body/div[1]/div/div[3]/div[2]/div[1]/div/div/div/div[2]/div/div[3]/div/div[1]/div/img"}
RESULT: {"sessionId":"d6c7e05ee560f3dcfc1c76c8854a6d18","status":0,"value":[]}
COMMAND: POST http://127.0.0.1:9515/session/d6c7e05ee560f3dcfc1c76c8854a6d18/elements - {"using":"xpath","value":"/html/body/div[1]/div/div[3]/div[2]/div[1]/div/div/div/div[2]/div/div[3]/div/div[1]/div/img"}
RESULT: {"sessionId":"d6c7e05ee560f3dcfc1c76c8854a6d18","status":0,"value":[{"ELEMENT":"0.6027255808026803-15"}]}
COMMAND: GET http://127.0.0.1:9515/session/d6c7e05ee560f3dcfc1c76c8854a6d18/screenshot - {}
RESULT: null
]]>
      </system-out>
    </testcase>
    <testcase classname="chrome.test_create_event" name="should_be_able_to_fill_organizer_name" time="0.716">
      <system-out>
        <![CDATA[
COMMAND: POST http://127.0.0.1:9515/session/d6c7e05ee560f3dcfc1c76c8854a6d18/elements - {"using":"xpath","value":"//*[@id=\"organizer_name\"]"}
RESULT: {"sessionId":"d6c7e05ee560f3dcfc1c76c8854a6d18","status":0,"value":[{"ELEMENT":"0.6027255808026803-16"}]}
COMMAND: POST http://127.0.0.1:9515/session/d6c7e05ee560f3dcfc1c76c8854a6d18/element/0.6027255808026803-16/clear - {}
RESULT: {"sessionId":"d6c7e05ee560f3dcfc1c76c8854a6d18","status":0,"value":null}
COMMAND: POST http://127.0.0.1:9515/session/d6c7e05ee560f3dcfc1c76c8854a6d18/element/0.6027255808026803-16/value - {"value":["T","e","s","t","i","n","g"," ","1","5","(11 more items)"],"text":"Testing 1528208652674"}
RESULT: {"sessionId":"d6c7e05ee560f3dcfc1c76c8854a6d18","status":0,"value":null}
COMMAND: GET http://127.0.0.1:9515/session/d6c7e05ee560f3dcfc1c76c8854a6d18/screenshot - {}
RESULT: null
]]>
      </system-out>
    </testcase>
    <testcase classname="chrome.test_create_event" name="should_be_able_to_set_event_date" time="1.508">
      <system-out>
        <![CDATA[
COMMAND: POST http://127.0.0.1:9515/session/d6c7e05ee560f3dcfc1c76c8854a6d18/element - {"using":"xpath","value":"//*[@id=\"date-event\"]/span[2]"}
RESULT: {"sessionId":"d6c7e05ee560f3dcfc1c76c8854a6d18","status":0,"value":{"ELEMENT":"0.6027255808026803-17"}}
COMMAND: POST http://127.0.0.1:9515/session/d6c7e05ee560f3dcfc1c76c8854a6d18/element/0.6027255808026803-17/click - {}
RESULT: {"sessionId":"d6c7e05ee560f3dcfc1c76c8854a6d18","status":0,"value":null}
COMMAND: POST http://127.0.0.1:9515/session/d6c7e05ee560f3dcfc1c76c8854a6d18/element - {"using":"xpath","value":"//*[@id=\"modal-event-date-time\"]/div/div/ul[2]/li[1]/div[1]/div/div/input"}
RESULT: {"sessionId":"d6c7e05ee560f3dcfc1c76c8854a6d18","status":0,"value":{"ELEMENT":"0.6027255808026803-18"}}
COMMAND: POST http://127.0.0.1:9515/session/d6c7e05ee560f3dcfc1c76c8854a6d18/element/0.6027255808026803-18/click - {}
RESULT: {"sessionId":"d6c7e05ee560f3dcfc1c76c8854a6d18","status":0,"value":null}
COMMAND: POST http://127.0.0.1:9515/session/d6c7e05ee560f3dcfc1c76c8854a6d18/element - {"using":"xpath","value":"/html/body/div[2]/div[1]/div[2]/table/tbody/tr[2]/td[3]"}
RESULT: {"sessionId":"d6c7e05ee560f3dcfc1c76c8854a6d18","status":0,"value":{"ELEMENT":"0.6027255808026803-19"}}
COMMAND: POST http://127.0.0.1:9515/session/d6c7e05ee560f3dcfc1c76c8854a6d18/element/0.6027255808026803-19/click - {}
RESULT: {"sessionId":"d6c7e05ee560f3dcfc1c76c8854a6d18","status":0,"value":null}
COMMAND: POST http://127.0.0.1:9515/session/d6c7e05ee560f3dcfc1c76c8854a6d18/element - {"using":"xpath","value":"//*[@id=\"modal-event-date-time\"]/div/div/ul[2]/li[1]/div[3]/button"}
RESULT: {"sessionId":"d6c7e05ee560f3dcfc1c76c8854a6d18","status":0,"value":{"ELEMENT":"0.6027255808026803-20"}}
COMMAND: POST http://127.0.0.1:9515/session/d6c7e05ee560f3dcfc1c76c8854a6d18/element/0.6027255808026803-20/click - {}
RESULT: {"sessionId":"d6c7e05ee560f3dcfc1c76c8854a6d18","status":0,"value":null}
COMMAND: POST http://127.0.0.1:9515/session/d6c7e05ee560f3dcfc1c76c8854a6d18/element - {"using":"xpath","value":"//*[@id=\"modal-event-date-time\"]/div/div/ul[2]/li[2]/div[3]/div[2]/button"}
RESULT: {"sessionId":"d6c7e05ee560f3dcfc1c76c8854a6d18","status":0,"value":{"ELEMENT":"0.6027255808026803-21"}}
COMMAND: POST http://127.0.0.1:9515/session/d6c7e05ee560f3dcfc1c76c8854a6d18/element/0.6027255808026803-21/click - {}
RESULT: {"sessionId":"d6c7e05ee560f3dcfc1c76c8854a6d18","status":0,"value":null}
COMMAND: POST http://127.0.0.1:9515/session/d6c7e05ee560f3dcfc1c76c8854a6d18/elements - {"using":"id","value":"modal-event-date-time"}
RESULT: {"sessionId":"d6c7e05ee560f3dcfc1c76c8854a6d18","status":0,"value":[{"ELEMENT":"0.6027255808026803-22"}]}
COMMAND: GET http://127.0.0.1:9515/session/d6c7e05ee560f3dcfc1c76c8854a6d18/element/0.6027255808026803-22/displayed - {}
RESULT: {"sessionId":"d6c7e05ee560f3dcfc1c76c8854a6d18","status":0,"value":true}
COMMAND: POST http://127.0.0.1:9515/session/d6c7e05ee560f3dcfc1c76c8854a6d18/elements - {"using":"id","value":"modal-event-date-time"}
RESULT: {"sessionId":"d6c7e05ee560f3dcfc1c76c8854a6d18","status":0,"value":[{"ELEMENT":"0.6027255808026803-22"}]}
COMMAND: GET http://127.0.0.1:9515/session/d6c7e05ee560f3dcfc1c76c8854a6d18/element/0.6027255808026803-22/displayed - {}
RESULT: {"sessionId":"d6c7e05ee560f3dcfc1c76c8854a6d18","status":0,"value":false}
COMMAND: GET http://127.0.0.1:9515/session/d6c7e05ee560f3dcfc1c76c8854a6d18/screenshot - {}
RESULT: null
]]>
      </system-out>
    </testcase>
    <testcase classname="chrome.test_create_event" name="should_be_able_to_set_location" time="3.293">
      <system-out>
        <![CDATA[
COMMAND: POST http://127.0.0.1:9515/session/d6c7e05ee560f3dcfc1c76c8854a6d18/element - {"using":"xpath","value":"/html/body/div[1]/div/div[3]/div[2]/div[1]/div/div/div/div[2]/div/div[5]/div/div/a"}
RESULT: {"sessionId":"d6c7e05ee560f3dcfc1c76c8854a6d18","status":0,"value":{"ELEMENT":"0.6027255808026803-23"}}
COMMAND: POST http://127.0.0.1:9515/session/d6c7e05ee560f3dcfc1c76c8854a6d18/element/0.6027255808026803-23/click - {}
RESULT: {"sessionId":"d6c7e05ee560f3dcfc1c76c8854a6d18","status":0,"value":null}
COMMAND: POST http://127.0.0.1:9515/session/d6c7e05ee560f3dcfc1c76c8854a6d18/elements - {"using":"xpath","value":"//*[@id=\"venue_name\"]"}
RESULT: {"sessionId":"d6c7e05ee560f3dcfc1c76c8854a6d18","status":0,"value":[{"ELEMENT":"0.6027255808026803-24"}]}
COMMAND: POST http://127.0.0.1:9515/session/d6c7e05ee560f3dcfc1c76c8854a6d18/element/0.6027255808026803-24/clear - {}
RESULT: {"sessionId":"d6c7e05ee560f3dcfc1c76c8854a6d18","status":0,"value":null}
COMMAND: POST http://127.0.0.1:9515/session/d6c7e05ee560f3dcfc1c76c8854a6d18/element/0.6027255808026803-24/value - {"value":["K","o","s","a","n"," ","R","i","z","k","(12 more items)"],"text":"Kosan Rizki Arya Malik"}
RESULT: {"sessionId":"d6c7e05ee560f3dcfc1c76c8854a6d18","status":0,"value":null}
COMMAND: POST http://127.0.0.1:9515/session/d6c7e05ee560f3dcfc1c76c8854a6d18/elements - {"using":"xpath","value":"//*[@id=\"search_location\"]"}
RESULT: {"sessionId":"d6c7e05ee560f3dcfc1c76c8854a6d18","status":0,"value":[{"ELEMENT":"0.6027255808026803-25"}]}
COMMAND: POST http://127.0.0.1:9515/session/d6c7e05ee560f3dcfc1c76c8854a6d18/element/0.6027255808026803-25/clear - {}
RESULT: {"sessionId":"d6c7e05ee560f3dcfc1c76c8854a6d18","status":0,"value":null}
COMMAND: POST http://127.0.0.1:9515/session/d6c7e05ee560f3dcfc1c76c8854a6d18/element/0.6027255808026803-25/value - {"value":["S","a","'","a","b","a"," ","2","5","B"],"text":"Sa'aba 25B"}
RESULT: {"sessionId":"d6c7e05ee560f3dcfc1c76c8854a6d18","status":0,"value":null}
COMMAND: POST http://127.0.0.1:9515/session/d6c7e05ee560f3dcfc1c76c8854a6d18/elements - {"using":"xpath","value":"//*[@id=\"loc-list\"]/ul/li[1]"}
RESULT: {"sessionId":"d6c7e05ee560f3dcfc1c76c8854a6d18","status":0,"value":[]}
COMMAND: POST http://127.0.0.1:9515/session/d6c7e05ee560f3dcfc1c76c8854a6d18/elements - {"using":"xpath","value":"//*[@id=\"loc-list\"]/ul/li[1]"}
RESULT: {"sessionId":"d6c7e05ee560f3dcfc1c76c8854a6d18","status":0,"value":[{"ELEMENT":"0.6027255808026803-26"}]}
COMMAND: POST http://127.0.0.1:9515/session/d6c7e05ee560f3dcfc1c76c8854a6d18/element - {"using":"xpath","value":"//*[@id=\"loc-list\"]/ul/li[1]"}
RESULT: {"sessionId":"d6c7e05ee560f3dcfc1c76c8854a6d18","status":0,"value":{"ELEMENT":"0.6027255808026803-26"}}
COMMAND: POST http://127.0.0.1:9515/session/d6c7e05ee560f3dcfc1c76c8854a6d18/element/0.6027255808026803-26/click - {}
RESULT: {"sessionId":"d6c7e05ee560f3dcfc1c76c8854a6d18","status":0,"value":null}
COMMAND: POST http://127.0.0.1:9515/session/d6c7e05ee560f3dcfc1c76c8854a6d18/element - {"using":"xpath","value":"//*[@id=\"save-location\"]"}
RESULT: {"sessionId":"d6c7e05ee560f3dcfc1c76c8854a6d18","status":0,"value":{"ELEMENT":"0.6027255808026803-27"}}
COMMAND: POST http://127.0.0.1:9515/session/d6c7e05ee560f3dcfc1c76c8854a6d18/element/0.6027255808026803-27/click - {}
RESULT: {"sessionId":"d6c7e05ee560f3dcfc1c76c8854a6d18","status":0,"value":null}
COMMAND: GET http://127.0.0.1:9515/session/d6c7e05ee560f3dcfc1c76c8854a6d18/screenshot - {}
RESULT: null
COMMAND: DELETE http://127.0.0.1:9515/session/d6c7e05ee560f3dcfc1c76c8854a6d18 - {}
RESULT: {"sessionId":"d6c7e05ee560f3dcfc1c76c8854a6d18","status":0,"value":null}
]]>
      </system-out>
    </testcase>
  </testsuite>
</testsuites>