<?xml version="1.0" encoding="UTF-8"?>
<testsuites>
  <testsuite name="test_homepage" timestamp="2018-06-05T20:27:45" time="6.565" tests="2" failures="0" errors="0" skipped="0">
    <properties>
      <property name="specId" value="9fcef5701de73c6ece1cf563b81a30ea"/>
      <property name="suiteName" value="test homepage"/>
      <property name="capabilities" value="chrome"/>
      <property name="file" value="./test/specs/simple.js"/>
    </properties>
    <testcase classname="chrome.test_homepage" name="should_have_the_right_title" time="5.303">
      <system-out>
        <![CDATA[
COMMAND: POST http://127.0.0.1:9515/session/3d962e00d5abf8ad71bb7a2e5af984ec/url - {"url":"http://ss.dev.loket.id/"}
RESULT: {"sessionId":"3d962e00d5abf8ad71bb7a2e5af984ec","status":0,"value":null}
COMMAND: GET http://127.0.0.1:9515/session/3d962e00d5abf8ad71bb7a2e5af984ec/title - {}
RESULT: {"sessionId":"3d962e00d5abf8ad71bb7a2e5af984ec","status":0,"value":"LOKET.COM: Buat Event Gratis, Atur & Jual Eventmu Sendiri"}
]]>
      </system-out>
    </testcase>
    <testcase classname="chrome.test_homepage" name="should_have_button_buat_eventmu_sekarang" time="1.261">
      <system-out>
        <![CDATA[
COMMAND: POST http://127.0.0.1:9515/session/3d962e00d5abf8ad71bb7a2e5af984ec/url - {"url":"http://ss.dev.loket.id/"}
RESULT: {"sessionId":"3d962e00d5abf8ad71bb7a2e5af984ec","status":0,"value":null}
COMMAND: POST http://127.0.0.1:9515/session/3d962e00d5abf8ad71bb7a2e5af984ec/elements - {"using":"xpath","value":"//*[@id=\"landing-page\"]/div/div[2]/a"}
RESULT: {"sessionId":"3d962e00d5abf8ad71bb7a2e5af984ec","status":0,"value":[{"ELEMENT":"0.8160125069052537-1"}]}
COMMAND: GET http://127.0.0.1:9515/session/3d962e00d5abf8ad71bb7a2e5af984ec/screenshot - {}
RESULT: null
COMMAND: DELETE http://127.0.0.1:9515/session/3d962e00d5abf8ad71bb7a2e5af984ec - {}
RESULT: {"sessionId":"3d962e00d5abf8ad71bb7a2e5af984ec","status":0,"value":null}
]]>
      </system-out>
    </testcase>
  </testsuite>
</testsuites>